{"/home/travis/build/npmtest/node-npmtest-hexo/test.js":{"path":"/home/travis/build/npmtest/node-npmtest-hexo/test.js","s":{"1":2,"2":2,"3":2,"4":2,"5":2,"6":2,"7":2,"8":1,"9":2,"10":2,"11":1,"12":1,"13":1,"14":1,"15":2,"16":2,"17":2,"18":2,"19":1,"20":1,"21":2,"22":2,"23":2,"24":1,"25":1,"26":1,"27":1,"28":1,"29":1,"30":1,"31":1,"32":1,"33":1,"34":1,"35":1,"36":2,"37":2,"38":1,"39":2,"40":2,"41":1,"42":2,"43":2,"44":1,"45":1,"46":1,"47":1,"48":1},"b":{"1":[2,1,1,1],"2":[1,1,1,1],"3":[1,1],"4":[1,1],"5":[1,1],"6":[1,1],"7":[1,1],"8":[1,1],"9":[1,1,1],"10":[1,1],"11":[1,1],"12":[1,1],"13":[1,1],"14":[1,1],"15":[1,1]},"f":{"1":2,"2":2,"3":2,"4":2,"5":2,"6":1,"7":1,"8":2,"9":2,"10":2,"11":1},"fnMap":{"1":{"name":"(anonymous_1)","line":12,"loc":{"start":{"line":12,"column":1},"end":{"line":12,"column":13}}},"2":{"name":"(anonymous_2)","line":19,"loc":{"start":{"line":19,"column":5},"end":{"line":19,"column":17}}},"3":{"name":"(anonymous_3)","line":23,"loc":{"start":{"line":23,"column":24},"end":{"line":23,"column":36}}},"4":{"name":"(anonymous_4)","line":61,"loc":{"start":{"line":61,"column":5},"end":{"line":61,"column":17}}},"5":{"name":"(anonymous_5)","line":82,"loc":{"start":{"line":82,"column":5},"end":{"line":82,"column":17}}},"6":{"name":"(anonymous_6)","line":102,"loc":{"start":{"line":102,"column":83},"end":{"line":105,"column":10}},"skip":true},"7":{"name":"(anonymous_7)","line":113,"loc":{"start":{"line":113,"column":77},"end":{"line":116,"column":10}},"skip":true},"8":{"name":"(anonymous_8)","line":127,"loc":{"start":{"line":127,"column":77},"end":{"line":130,"column":10}},"skip":true},"9":{"name":"(anonymous_9)","line":138,"loc":{"start":{"line":138,"column":83},"end":{"line":141,"column":10}},"skip":true},"10":{"name":"(anonymous_10)","line":149,"loc":{"start":{"line":149,"column":79},"end":{"line":152,"column":10}},"skip":true},"11":{"name":"(anonymous_11)","line":160,"loc":{"start":{"line":160,"column":75},"end":{"line":163,"column":10}},"skip":true}},"statementMap":{"1":{"start":{"line":12,"column":0},"end":{"line":175,"column":5}},"2":{"start":{"line":14,"column":4},"end":{"line":14,"column":14}},"3":{"start":{"line":19,"column":4},"end":{"line":56,"column":9}},"4":{"start":{"line":21,"column":8},"end":{"line":21,"column":19}},"5":{"start":{"line":23,"column":8},"end":{"line":35,"column":13}},"6":{"start":{"line":24,"column":12},"end":{"line":34,"column":13}},"7":{"start":{"line":25,"column":16},"end":{"line":28,"column":30}},"8":{"start":{"line":30,"column":16},"end":{"line":33,"column":27}},"9":{"start":{"line":37,"column":8},"end":{"line":39,"column":21}},"10":{"start":{"line":40,"column":8},"end":{"line":53,"column":9}},"11":{"start":{"line":43,"column":12},"end":{"line":46,"column":14}},"12":{"start":{"line":47,"column":12},"end":{"line":47,"column":18}},"13":{"start":{"line":50,"column":12},"end":{"line":51,"column":46}},"14":{"start":{"line":52,"column":12},"end":{"line":52,"column":18}},"15":{"start":{"line":55,"column":8},"end":{"line":55,"column":35}},"16":{"start":{"line":61,"column":4},"end":{"line":63,"column":9}},"17":{"start":{"line":62,"column":8},"end":{"line":62,"column":15}},"18":{"start":{"line":64,"column":4},"end":{"line":77,"column":5}},"19":{"start":{"line":70,"column":8},"end":{"line":70,"column":14}},"20":{"start":{"line":76,"column":8},"end":{"line":76,"column":14}},"21":{"start":{"line":82,"column":4},"end":{"line":84,"column":9}},"22":{"start":{"line":83,"column":8},"end":{"line":83,"column":15}},"23":{"start":{"line":85,"column":4},"end":{"line":174,"column":5}},"24":{"start":{"line":92,"column":8},"end":{"line":94,"column":63}},"25":{"start":{"line":95,"column":8},"end":{"line":95,"column":14}},"26":{"start":{"line":102,"column":8},"end":{"line":111,"column":10},"skip":true},"27":{"start":{"line":109,"column":12},"end":{"line":109,"column":55},"skip":true},"28":{"start":{"line":110,"column":12},"end":{"line":110,"column":48},"skip":true},"29":{"start":{"line":113,"column":8},"end":{"line":125,"column":10},"skip":true},"30":{"start":{"line":120,"column":12},"end":{"line":120,"column":76},"skip":true},"31":{"start":{"line":121,"column":12},"end":{"line":121,"column":73},"skip":true},"32":{"start":{"line":122,"column":12},"end":{"line":122,"column":74},"skip":true},"33":{"start":{"line":123,"column":12},"end":{"line":123,"column":25},"skip":true},"34":{"start":{"line":124,"column":12},"end":{"line":124,"column":45},"skip":true},"35":{"start":{"line":127,"column":8},"end":{"line":136,"column":10},"skip":true},"36":{"start":{"line":134,"column":12},"end":{"line":134,"column":25},"skip":true},"37":{"start":{"line":135,"column":12},"end":{"line":135,"column":45},"skip":true},"38":{"start":{"line":138,"column":8},"end":{"line":147,"column":10},"skip":true},"39":{"start":{"line":145,"column":12},"end":{"line":145,"column":25},"skip":true},"40":{"start":{"line":146,"column":12},"end":{"line":146,"column":48},"skip":true},"41":{"start":{"line":149,"column":8},"end":{"line":158,"column":10},"skip":true},"42":{"start":{"line":156,"column":12},"end":{"line":156,"column":25},"skip":true},"43":{"start":{"line":157,"column":12},"end":{"line":157,"column":46},"skip":true},"44":{"start":{"line":160,"column":8},"end":{"line":169,"column":10},"skip":true},"45":{"start":{"line":167,"column":12},"end":{"line":167,"column":94},"skip":true},"46":{"start":{"line":168,"column":12},"end":{"line":168,"column":48},"skip":true},"47":{"start":{"line":172,"column":8},"end":{"line":172,"column":35},"skip":true},"48":{"start":{"line":173,"column":8},"end":{"line":173,"column":14},"skip":true}},"branchMap":{"1":{"line":25,"type":"binary-expr","locations":[{"start":{"line":25,"column":23},"end":{"line":25,"column":62}},{"start":{"line":26,"column":20},"end":{"line":26,"column":70}},{"start":{"line":27,"column":20},"end":{"line":27,"column":71}},{"start":{"line":28,"column":20},"end":{"line":28,"column":29}}]},"2":{"line":30,"type":"binary-expr","locations":[{"start":{"line":30,"column":23},"end":{"line":30,"column":37}},{"start":{"line":31,"column":20},"end":{"line":31,"column":61}},{"start":{"line":32,"column":20},"end":{"line":32,"column":70}},{"start":{"line":33,"column":20},"end":{"line":33,"column":26}}]},"3":{"line":37,"type":"cond-expr","locations":[{"start":{"line":38,"column":14},"end":{"line":38,"column":20}},{"start":{"line":39,"column":14},"end":{"line":39,"column":20}}]},"4":{"line":40,"type":"switch","locations":[{"start":{"line":42,"column":8},"end":{"line":47,"column":18}},{"start":{"line":49,"column":8},"end":{"line":52,"column":18}}]},"5":{"line":44,"type":"binary-expr","locations":[{"start":{"line":44,"column":16},"end":{"line":44,"column":44}},{"start":{"line":44,"column":48},"end":{"line":44,"column":66}}]},"6":{"line":50,"type":"binary-expr","locations":[{"start":{"line":50,"column":21},"end":{"line":50,"column":49}},{"start":{"line":50,"column":53},"end":{"line":50,"column":72}}]},"7":{"line":64,"type":"switch","locations":[{"start":{"line":69,"column":4},"end":{"line":70,"column":14}},{"start":{"line":75,"column":4},"end":{"line":76,"column":14}}]},"8":{"line":85,"type":"switch","locations":[{"start":{"line":90,"column":4},"end":{"line":95,"column":14}},{"start":{"line":101,"column":4},"end":{"line":173,"column":14},"skip":true}]},"9":{"line":92,"type":"binary-expr","locations":[{"start":{"line":92,"column":18},"end":{"line":92,"column":32}},{"start":{"line":93,"column":12},"end":{"line":93,"column":53}},{"start":{"line":94,"column":12},"end":{"line":94,"column":61}}]},"10":{"line":102,"type":"binary-expr","locations":[{"start":{"line":102,"column":45},"end":{"line":102,"column":79},"skip":true},{"start":{"line":102,"column":83},"end":{"line":111,"column":9},"skip":true}]},"11":{"line":113,"type":"binary-expr","locations":[{"start":{"line":113,"column":42},"end":{"line":113,"column":73},"skip":true},{"start":{"line":113,"column":77},"end":{"line":125,"column":9},"skip":true}]},"12":{"line":127,"type":"binary-expr","locations":[{"start":{"line":127,"column":42},"end":{"line":127,"column":73},"skip":true},{"start":{"line":127,"column":77},"end":{"line":136,"column":9},"skip":true}]},"13":{"line":138,"type":"binary-expr","locations":[{"start":{"line":138,"column":45},"end":{"line":138,"column":79},"skip":true},{"start":{"line":138,"column":83},"end":{"line":147,"column":9},"skip":true}]},"14":{"line":149,"type":"binary-expr","locations":[{"start":{"line":149,"column":43},"end":{"line":149,"column":75},"skip":true},{"start":{"line":149,"column":79},"end":{"line":158,"column":9},"skip":true}]},"15":{"line":160,"type":"binary-expr","locations":[{"start":{"line":160,"column":41},"end":{"line":160,"column":71},"skip":true},{"start":{"line":160,"column":75},"end":{"line":169,"column":9},"skip":true}]}},"code":["/* istanbul instrument in package npmtest_hexo */","/*jslint","    bitwise: true,","    browser: true,","    maxerr: 8,","    maxlen: 96,","    node: true,","    nomen: true,","    regexp: true,","    stupid: true","*/","(function () {","    'use strict';","    var local;","","","","    // run shared js-env code - pre-init","    (function () {","        // init local","        local = {};","        // init modeJs","        local.modeJs = (function () {","            try {","                return typeof navigator.userAgent === 'string' &&","                    typeof document.querySelector('body') === 'object' &&","                    typeof XMLHttpRequest.prototype.open === 'function' &&","                    'browser';","            } catch (errorCaughtBrowser) {","                return module.exports &&","                    typeof process.versions.node === 'string' &&","                    typeof require('http').createServer === 'function' &&","                    'node';","            }","        }());","        // init global","        local.global = local.modeJs === 'browser'","            ? window","            : global;","        switch (local.modeJs) {","        // re-init local from window.local","        case 'browser':","            local = local.global.utility2.objectSetDefault(","                local.global.utility2_rollup || local.global.local,","                local.global.utility2","            );","            break;","        // re-init local from example.js","        case 'node':","            local = (local.global.utility2_rollup || require('utility2'))","                .requireExampleJsFromReadme();","            break;","        }","        // export local","        local.global.local = local;","    }());","","","","    // run shared js-env code - function","    (function () {","        return;","    }());","    switch (local.modeJs) {","","","","    // run browser js-env code - function","    case 'browser':","        break;","","","","    // run node js-env code - function","    case 'node':","        break;","    }","","","","    // run shared js-env code - post-init","    (function () {","        return;","    }());","    switch (local.modeJs) {","","","","    // run browser js-env code - post-init","    case 'browser':","        // run tests","        local.nop(local.modeTest &&","            document.querySelector('#testRunButton1') &&","            document.querySelector('#testRunButton1').click());","        break;","","","","    // run node js-env code - post-init","    /* istanbul ignore next */","    case 'node':","        local.testCase_buildApidoc_default = local.testCase_buildApidoc_default || function (","            options,","            onError","        ) {","        /*","         * this function will test buildApidoc's default handling-behavior-behavior","         */","            options = { modulePathList: module.paths };","            local.buildApidoc(options, onError);","        };","","        local.testCase_buildApp_default = local.testCase_buildApp_default || function (","            options,","            onError","        ) {","        /*","         * this function will test buildApp's default handling-behavior-behavior","         */","            local.testCase_buildReadme_default(options, local.onErrorThrow);","            local.testCase_buildLib_default(options, local.onErrorThrow);","            local.testCase_buildTest_default(options, local.onErrorThrow);","            options = [];","            local.buildApp(options, onError);","        };","","        local.testCase_buildLib_default = local.testCase_buildLib_default || function (","            options,","            onError","        ) {","        /*","         * this function will test buildLib's default handling-behavior","         */","            options = {};","            local.buildLib(options, onError);","        };","","        local.testCase_buildReadme_default = local.testCase_buildReadme_default || function (","            options,","            onError","        ) {","        /*","         * this function will test buildReadme's default handling-behavior-behavior","         */","            options = {};","            local.buildReadme(options, onError);","        };","","        local.testCase_buildTest_default = local.testCase_buildTest_default || function (","            options,","            onError","        ) {","        /*","         * this function will test buildTest's default handling-behavior","         */","            options = {};","            local.buildTest(options, onError);","        };","","        local.testCase_webpage_default = local.testCase_webpage_default || function (","            options,","            onError","        ) {","        /*","         * this function will test webpage's default handling-behavior","         */","            options = { modeCoverageMerge: true, url: local.serverLocalHost + '?modeTest=1' };","            local.browserTest(options, onError);","        };","","        // run test-server","        local.testRunServer(local);","        break;","    }","}());",""],"l":{"12":2,"14":2,"19":2,"21":2,"23":2,"24":2,"25":2,"30":1,"37":2,"40":2,"43":1,"47":1,"50":1,"52":1,"55":2,"61":2,"62":2,"64":2,"70":1,"76":1,"82":2,"83":2,"85":2,"92":1,"95":1,"102":1,"109":1,"110":1,"113":1,"120":1,"121":1,"122":1,"123":1,"124":1,"127":1,"134":2,"135":2,"138":1,"145":2,"146":2,"149":1,"156":2,"157":2,"160":1,"167":1,"168":1,"172":1,"173":1}},"/home/travis/build/npmtest/node-npmtest-hexo/lib.npmtest_hexo.js":{"path":"/home/travis/build/npmtest/node-npmtest-hexo/lib.npmtest_hexo.js","s":{"1":2,"2":2,"3":2,"4":2,"5":2,"6":2,"7":2,"8":1,"9":2,"10":2,"11":2,"12":2,"13":1,"14":1,"15":1,"16":1},"b":{"1":[2,1,1,1],"2":[1,1,1,1],"3":[1,1],"4":[2,2],"5":[1,1]},"f":{"1":2,"2":2,"3":2},"fnMap":{"1":{"name":"(anonymous_1)","line":12,"loc":{"start":{"line":12,"column":1},"end":{"line":12,"column":13}}},"2":{"name":"(anonymous_2)","line":19,"loc":{"start":{"line":19,"column":5},"end":{"line":19,"column":17}}},"3":{"name":"(anonymous_3)","line":23,"loc":{"start":{"line":23,"column":24},"end":{"line":23,"column":36}}}},"statementMap":{"1":{"start":{"line":12,"column":0},"end":{"line":53,"column":5}},"2":{"start":{"line":14,"column":4},"end":{"line":14,"column":14}},"3":{"start":{"line":19,"column":4},"end":{"line":52,"column":9}},"4":{"start":{"line":21,"column":8},"end":{"line":21,"column":19}},"5":{"start":{"line":23,"column":8},"end":{"line":35,"column":13}},"6":{"start":{"line":24,"column":12},"end":{"line":34,"column":13}},"7":{"start":{"line":25,"column":16},"end":{"line":28,"column":30}},"8":{"start":{"line":30,"column":16},"end":{"line":33,"column":27}},"9":{"start":{"line":37,"column":8},"end":{"line":39,"column":21}},"10":{"start":{"line":41,"column":8},"end":{"line":41,"column":54}},"11":{"start":{"line":43,"column":8},"end":{"line":43,"column":49}},"12":{"start":{"line":45,"column":8},"end":{"line":51,"column":9}},"13":{"start":{"line":46,"column":12},"end":{"line":46,"column":55}},"14":{"start":{"line":48,"column":12},"end":{"line":48,"column":35}},"15":{"start":{"line":49,"column":12},"end":{"line":49,"column":49}},"16":{"start":{"line":50,"column":12},"end":{"line":50,"column":43}}},"branchMap":{"1":{"line":25,"type":"binary-expr","locations":[{"start":{"line":25,"column":23},"end":{"line":25,"column":62}},{"start":{"line":26,"column":20},"end":{"line":26,"column":70}},{"start":{"line":27,"column":20},"end":{"line":27,"column":71}},{"start":{"line":28,"column":20},"end":{"line":28,"column":29}}]},"2":{"line":30,"type":"binary-expr","locations":[{"start":{"line":30,"column":23},"end":{"line":30,"column":37}},{"start":{"line":31,"column":20},"end":{"line":31,"column":61}},{"start":{"line":32,"column":20},"end":{"line":32,"column":70}},{"start":{"line":33,"column":20},"end":{"line":33,"column":26}}]},"3":{"line":37,"type":"cond-expr","locations":[{"start":{"line":38,"column":14},"end":{"line":38,"column":20}},{"start":{"line":39,"column":14},"end":{"line":39,"column":20}}]},"4":{"line":41,"type":"binary-expr","locations":[{"start":{"line":41,"column":16},"end":{"line":41,"column":44}},{"start":{"line":41,"column":48},"end":{"line":41,"column":53}}]},"5":{"line":45,"type":"if","locations":[{"start":{"line":45,"column":8},"end":{"line":45,"column":8}},{"start":{"line":45,"column":8},"end":{"line":45,"column":8}}]}},"code":["/* istanbul instrument in package npmtest_hexo */","/*jslint","    bitwise: true,","    browser: true,","    maxerr: 8,","    maxlen: 96,","    node: true,","    nomen: true,","    regexp: true,","    stupid: true","*/","(function () {","    'use strict';","    var local;","","","","    // run shared js-env code - pre-init","    (function () {","        // init local","        local = {};","        // init modeJs","        local.modeJs = (function () {","            try {","                return typeof navigator.userAgent === 'string' &&","                    typeof document.querySelector('body') === 'object' &&","                    typeof XMLHttpRequest.prototype.open === 'function' &&","                    'browser';","            } catch (errorCaughtBrowser) {","                return module.exports &&","                    typeof process.versions.node === 'string' &&","                    typeof require('http').createServer === 'function' &&","                    'node';","            }","        }());","        // init global","        local.global = local.modeJs === 'browser'","            ? window","            : global;","        // init utility2_rollup","        local = local.global.utility2_rollup || local;","        // init lib","        local.local = local.npmtest_hexo = local;","        // init exports","        if (local.modeJs === 'browser') {","            local.global.utility2_npmtest_hexo = local;","        } else {","            module.exports = local;","            module.exports.__dirname = __dirname;","            module.exports.module = module;","        }","    }());","}());",""],"l":{"12":2,"14":2,"19":2,"21":2,"23":2,"24":2,"25":2,"30":1,"37":2,"41":2,"43":2,"45":2,"46":1,"48":1,"49":1,"50":1}},"/home/travis/build/npmtest/node-npmtest-hexo/example.js":{"path":"/home/travis/build/npmtest/node-npmtest-hexo/example.js","s":{"1":2,"2":2,"3":2,"4":2,"5":2,"6":2,"7":2,"8":1,"9":2,"10":2,"11":2,"12":2,"13":1,"14":2,"15":2,"16":2,"17":2,"18":2,"19":0,"20":2,"21":1,"22":1,"23":1,"24":1,"25":1,"26":0,"27":0,"28":1,"29":1,"30":2,"31":0,"32":0,"33":0,"34":1,"35":2,"36":2,"37":2,"38":2,"39":2,"40":2,"41":0,"42":2,"43":2,"44":2,"45":1,"46":3,"47":1,"48":1,"49":1,"50":1,"51":1,"52":1,"53":1,"54":1,"55":1,"56":1,"57":0,"58":1,"59":6,"60":6,"61":1,"62":2,"63":0,"64":2,"65":1,"66":1,"67":0,"68":0,"69":0,"70":0,"71":0,"72":0,"73":0,"74":0,"75":0,"76":0,"77":0,"78":0,"79":0,"80":0,"81":0,"82":0,"83":0},"b":{"1":[2,1,1,1],"2":[1,1,1,1],"3":[1,1],"4":[2,2],"5":[1,1],"6":[1,1],"7":[2,0],"8":[2,1,1,1,1,1],"9":[0,2,0],"10":[1,1],"11":[2,1,1],"12":[1,0],"13":[0,2],"14":[2,0,0,0,0,0,0],"15":[0,2],"16":[2,0],"17":[1,1],"18":[0,1],"19":[1,2,0,2],"20":[1,0],"21":[1,1],"22":[0,0],"23":[0,0],"24":[0,0],"25":[0,0],"26":[0,0],"27":[0,0],"28":[0,0]},"f":{"1":2,"2":2,"3":2,"4":2,"5":2,"6":2,"7":2,"8":2,"9":3,"10":1,"11":6,"12":0},"fnMap":{"1":{"name":"(anonymous_1)","line":26,"loc":{"start":{"line":26,"column":1},"end":{"line":26,"column":13}}},"2":{"name":"(anonymous_2)","line":33,"loc":{"start":{"line":33,"column":5},"end":{"line":33,"column":17}}},"3":{"name":"(anonymous_3)","line":37,"loc":{"start":{"line":37,"column":24},"end":{"line":37,"column":36}}},"4":{"name":"(anonymous_4)","line":69,"loc":{"start":{"line":69,"column":31},"end":{"line":69,"column":48}},"skip":true},"5":{"name":"(anonymous_5)","line":78,"loc":{"start":{"line":78,"column":26},"end":{"line":78,"column":45}},"skip":true},"6":{"name":"(anonymous_6)","line":123,"loc":{"start":{"line":123,"column":33},"end":{"line":123,"column":48}},"skip":true},"7":{"name":"(anonymous_7)","line":125,"loc":{"start":{"line":125,"column":27},"end":{"line":125,"column":39}},"skip":true},"8":{"name":"(anonymous_8)","line":133,"loc":{"start":{"line":133,"column":59},"end":{"line":133,"column":74}},"skip":true},"9":{"name":"(anonymous_9)","line":143,"loc":{"start":{"line":143,"column":45},"end":{"line":143,"column":62}},"skip":true},"10":{"name":"(anonymous_10)","line":144,"loc":{"start":{"line":144,"column":73},"end":{"line":144,"column":92}},"skip":true},"11":{"name":"(anonymous_11)","line":272,"loc":{"start":{"line":272,"column":51},"end":{"line":272,"column":77}},"skip":true},"12":{"name":"(anonymous_12)","line":314,"loc":{"start":{"line":314,"column":32},"end":{"line":314,"column":61}},"skip":true}},"statementMap":{"1":{"start":{"line":26,"column":0},"end":{"line":325,"column":5}},"2":{"start":{"line":28,"column":4},"end":{"line":28,"column":14}},"3":{"start":{"line":33,"column":4},"end":{"line":60,"column":9}},"4":{"start":{"line":35,"column":8},"end":{"line":35,"column":19}},"5":{"start":{"line":37,"column":8},"end":{"line":49,"column":13}},"6":{"start":{"line":38,"column":12},"end":{"line":48,"column":13}},"7":{"start":{"line":39,"column":16},"end":{"line":42,"column":30}},"8":{"start":{"line":44,"column":16},"end":{"line":47,"column":27}},"9":{"start":{"line":51,"column":8},"end":{"line":53,"column":21}},"10":{"start":{"line":55,"column":8},"end":{"line":57,"column":45}},"11":{"start":{"line":59,"column":8},"end":{"line":59,"column":35}},"12":{"start":{"line":61,"column":4},"end":{"line":324,"column":5}},"13":{"start":{"line":69,"column":8},"end":{"line":121,"column":10},"skip":true},"14":{"start":{"line":70,"column":12},"end":{"line":88,"column":13},"skip":true},"15":{"start":{"line":76,"column":16},"end":{"line":87,"column":19},"skip":true},"16":{"start":{"line":79,"column":20},"end":{"line":86,"column":21},"skip":true},"17":{"start":{"line":82,"column":24},"end":{"line":82,"column":43},"skip":true},"18":{"start":{"line":83,"column":24},"end":{"line":83,"column":30},"skip":true},"19":{"start":{"line":85,"column":24},"end":{"line":85,"column":49},"skip":true},"20":{"start":{"line":89,"column":12},"end":{"line":107,"column":13},"skip":true},"21":{"start":{"line":92,"column":16},"end":{"line":102,"column":17},"skip":true},"22":{"start":{"line":93,"column":20},"end":{"line":93,"column":86},"skip":true},"23":{"start":{"line":94,"column":20},"end":{"line":95,"column":45},"skip":true},"24":{"start":{"line":96,"column":20},"end":{"line":96,"column":42},"skip":true},"25":{"start":{"line":97,"column":20},"end":{"line":97,"column":48},"skip":true},"26":{"start":{"line":100,"column":20},"end":{"line":100,"column":85},"skip":true},"27":{"start":{"line":101,"column":20},"end":{"line":101,"column":96},"skip":true},"28":{"start":{"line":103,"column":16},"end":{"line":103,"column":22},"skip":true},"29":{"start":{"line":106,"column":16},"end":{"line":106,"column":22},"skip":true},"30":{"start":{"line":108,"column":12},"end":{"line":120,"column":13},"skip":true},"31":{"start":{"line":114,"column":16},"end":{"line":119,"column":17},"skip":true},"32":{"start":{"line":116,"column":20},"end":{"line":116,"column":78},"skip":true},"33":{"start":{"line":118,"column":20},"end":{"line":118,"column":53},"skip":true},"34":{"start":{"line":123,"column":8},"end":{"line":141,"column":11},"skip":true},"35":{"start":{"line":124,"column":12},"end":{"line":124,"column":54},"skip":true},"36":{"start":{"line":125,"column":12},"end":{"line":140,"column":14},"skip":true},"37":{"start":{"line":126,"column":16},"end":{"line":126,"column":28},"skip":true},"38":{"start":{"line":127,"column":16},"end":{"line":127,"column":69},"skip":true},"39":{"start":{"line":128,"column":16},"end":{"line":128,"column":75},"skip":true},"40":{"start":{"line":129,"column":16},"end":{"line":131,"column":17},"skip":true},"41":{"start":{"line":130,"column":20},"end":{"line":130,"column":27},"skip":true},"42":{"start":{"line":133,"column":16},"end":{"line":137,"column":36},"skip":true},"43":{"start":{"line":134,"column":20},"end":{"line":136,"column":55},"skip":true},"44":{"start":{"line":139,"column":16},"end":{"line":139,"column":57},"skip":true},"45":{"start":{"line":143,"column":8},"end":{"line":147,"column":11},"skip":true},"46":{"start":{"line":144,"column":12},"end":{"line":146,"column":15},"skip":true},"47":{"start":{"line":145,"column":16},"end":{"line":145,"column":70},"skip":true},"48":{"start":{"line":149,"column":8},"end":{"line":149,"column":31},"skip":true},"49":{"start":{"line":150,"column":8},"end":{"line":150,"column":14},"skip":true},"50":{"start":{"line":158,"column":8},"end":{"line":158,"column":31},"skip":true},"51":{"start":{"line":160,"column":8},"end":{"line":160,"column":33},"skip":true},"52":{"start":{"line":161,"column":8},"end":{"line":161,"column":37},"skip":true},"53":{"start":{"line":162,"column":8},"end":{"line":162,"column":35},"skip":true},"54":{"start":{"line":164,"column":8},"end":{"line":164,"column":50},"skip":true},"55":{"start":{"line":166,"column":8},"end":{"line":256,"column":2},"skip":true},"56":{"start":{"line":258,"column":8},"end":{"line":286,"column":9},"skip":true},"57":{"start":{"line":259,"column":12},"end":{"line":269,"column":14},"skip":true},"58":{"start":{"line":271,"column":12},"end":{"line":285,"column":19},"skip":true},"59":{"start":{"line":274,"column":20},"end":{"line":274,"column":35},"skip":true},"60":{"start":{"line":275,"column":20},"end":{"line":284,"column":21},"skip":true},"61":{"start":{"line":277,"column":24},"end":{"line":277,"column":64},"skip":true},"62":{"start":{"line":279,"column":24},"end":{"line":279,"column":40},"skip":true},"63":{"start":{"line":281,"column":24},"end":{"line":281,"column":40},"skip":true},"64":{"start":{"line":283,"column":24},"end":{"line":283,"column":39},"skip":true},"65":{"start":{"line":288,"column":8},"end":{"line":290,"column":9},"skip":true},"66":{"start":{"line":289,"column":12},"end":{"line":289,"column":18},"skip":true},"67":{"start":{"line":291,"column":8},"end":{"line":293,"column":54},"skip":true},"68":{"start":{"line":294,"column":8},"end":{"line":301,"column":37},"skip":true},"69":{"start":{"line":302,"column":8},"end":{"line":302,"column":82},"skip":true},"70":{"start":{"line":305,"column":8},"end":{"line":307,"column":9},"skip":true},"71":{"start":{"line":306,"column":12},"end":{"line":306,"column":82},"skip":true},"72":{"start":{"line":309,"column":8},"end":{"line":311,"column":9},"skip":true},"73":{"start":{"line":310,"column":12},"end":{"line":310,"column":18},"skip":true},"74":{"start":{"line":312,"column":8},"end":{"line":312,"column":54},"skip":true},"75":{"start":{"line":313,"column":8},"end":{"line":313,"column":69},"skip":true},"76":{"start":{"line":314,"column":8},"end":{"line":322,"column":36},"skip":true},"77":{"start":{"line":315,"column":12},"end":{"line":315,"column":61},"skip":true},"78":{"start":{"line":316,"column":12},"end":{"line":319,"column":13},"skip":true},"79":{"start":{"line":317,"column":16},"end":{"line":317,"column":75},"skip":true},"80":{"start":{"line":318,"column":16},"end":{"line":318,"column":23},"skip":true},"81":{"start":{"line":320,"column":12},"end":{"line":320,"column":38},"skip":true},"82":{"start":{"line":321,"column":12},"end":{"line":321,"column":27},"skip":true},"83":{"start":{"line":323,"column":8},"end":{"line":323,"column":14},"skip":true}},"branchMap":{"1":{"line":39,"type":"binary-expr","locations":[{"start":{"line":39,"column":23},"end":{"line":39,"column":62}},{"start":{"line":40,"column":20},"end":{"line":40,"column":70}},{"start":{"line":41,"column":20},"end":{"line":41,"column":71}},{"start":{"line":42,"column":20},"end":{"line":42,"column":29}}]},"2":{"line":44,"type":"binary-expr","locations":[{"start":{"line":44,"column":23},"end":{"line":44,"column":37}},{"start":{"line":45,"column":20},"end":{"line":45,"column":61}},{"start":{"line":46,"column":20},"end":{"line":46,"column":70}},{"start":{"line":47,"column":20},"end":{"line":47,"column":26}}]},"3":{"line":51,"type":"cond-expr","locations":[{"start":{"line":52,"column":14},"end":{"line":52,"column":20}},{"start":{"line":53,"column":14},"end":{"line":53,"column":20}}]},"4":{"line":55,"type":"binary-expr","locations":[{"start":{"line":55,"column":16},"end":{"line":55,"column":44}},{"start":{"line":55,"column":49},"end":{"line":57,"column":43}}]},"5":{"line":55,"type":"cond-expr","locations":[{"start":{"line":56,"column":14},"end":{"line":56,"column":48}},{"start":{"line":57,"column":14},"end":{"line":57,"column":43}}]},"6":{"line":61,"type":"switch","locations":[{"start":{"line":68,"column":4},"end":{"line":150,"column":14},"skip":true},{"start":{"line":156,"column":4},"end":{"line":323,"column":14},"skip":true}]},"7":{"line":70,"type":"if","locations":[{"start":{"line":70,"column":12},"end":{"line":70,"column":12},"skip":true},{"start":{"line":70,"column":12},"end":{"line":70,"column":12},"skip":true}]},"8":{"line":70,"type":"binary-expr","locations":[{"start":{"line":70,"column":16},"end":{"line":70,"column":22},"skip":true},{"start":{"line":70,"column":27},"end":{"line":70,"column":32},"skip":true},{"start":{"line":71,"column":20},"end":{"line":71,"column":39},"skip":true},{"start":{"line":72,"column":20},"end":{"line":72,"column":49},"skip":true},{"start":{"line":73,"column":20},"end":{"line":73,"column":58},"skip":true},{"start":{"line":74,"column":20},"end":{"line":74,"column":69},"skip":true}]},"9":{"line":79,"type":"switch","locations":[{"start":{"line":80,"column":20},"end":{"line":80,"column":33},"skip":true},{"start":{"line":81,"column":20},"end":{"line":83,"column":30},"skip":true},{"start":{"line":84,"column":20},"end":{"line":85,"column":49},"skip":true}]},"10":{"line":89,"type":"switch","locations":[{"start":{"line":90,"column":12},"end":{"line":103,"column":22},"skip":true},{"start":{"line":105,"column":12},"end":{"line":106,"column":22},"skip":true}]},"11":{"line":89,"type":"binary-expr","locations":[{"start":{"line":89,"column":20},"end":{"line":89,"column":25},"skip":true},{"start":{"line":89,"column":29},"end":{"line":89,"column":48},"skip":true},{"start":{"line":89,"column":52},"end":{"line":89,"column":74},"skip":true}]},"12":{"line":92,"type":"if","locations":[{"start":{"line":92,"column":16},"end":{"line":92,"column":16},"skip":true},{"start":{"line":92,"column":16},"end":{"line":92,"column":16},"skip":true}]},"13":{"line":108,"type":"if","locations":[{"start":{"line":108,"column":12},"end":{"line":108,"column":12},"skip":true},{"start":{"line":108,"column":12},"end":{"line":108,"column":12},"skip":true}]},"14":{"line":108,"type":"binary-expr","locations":[{"start":{"line":108,"column":16},"end":{"line":108,"column":61},"skip":true},{"start":{"line":108,"column":66},"end":{"line":108,"column":72},"skip":true},{"start":{"line":108,"column":77},"end":{"line":108,"column":82},"skip":true},{"start":{"line":109,"column":20},"end":{"line":109,"column":39},"skip":true},{"start":{"line":110,"column":20},"end":{"line":110,"column":49},"skip":true},{"start":{"line":111,"column":20},"end":{"line":111,"column":58},"skip":true},{"start":{"line":112,"column":20},"end":{"line":112,"column":68},"skip":true}]},"15":{"line":129,"type":"if","locations":[{"start":{"line":129,"column":16},"end":{"line":129,"column":16},"skip":true},{"start":{"line":129,"column":16},"end":{"line":129,"column":16},"skip":true}]},"16":{"line":134,"type":"cond-expr","locations":[{"start":{"line":135,"column":26},"end":{"line":135,"column":29},"skip":true},{"start":{"line":136,"column":26},"end":{"line":136,"column":54},"skip":true}]},"17":{"line":164,"type":"binary-expr","locations":[{"start":{"line":164,"column":27},"end":{"line":164,"column":43},"skip":true},{"start":{"line":164,"column":47},"end":{"line":164,"column":49},"skip":true}]},"18":{"line":258,"type":"if","locations":[{"start":{"line":258,"column":8},"end":{"line":258,"column":8},"skip":true},{"start":{"line":258,"column":8},"end":{"line":258,"column":8},"skip":true}]},"19":{"line":275,"type":"switch","locations":[{"start":{"line":276,"column":20},"end":{"line":277,"column":64},"skip":true},{"start":{"line":278,"column":20},"end":{"line":279,"column":40},"skip":true},{"start":{"line":280,"column":20},"end":{"line":281,"column":40},"skip":true},{"start":{"line":282,"column":20},"end":{"line":283,"column":39},"skip":true}]},"20":{"line":288,"type":"if","locations":[{"start":{"line":288,"column":8},"end":{"line":288,"column":8},"skip":true},{"start":{"line":288,"column":8},"end":{"line":288,"column":8},"skip":true}]},"21":{"line":288,"type":"binary-expr","locations":[{"start":{"line":288,"column":12},"end":{"line":288,"column":40},"skip":true},{"start":{"line":288,"column":44},"end":{"line":288,"column":67},"skip":true}]},"22":{"line":292,"type":"binary-expr","locations":[{"start":{"line":292,"column":12},"end":{"line":292,"column":50},"skip":true},{"start":{"line":293,"column":12},"end":{"line":293,"column":53},"skip":true}]},"23":{"line":295,"type":"binary-expr","locations":[{"start":{"line":295,"column":12},"end":{"line":295,"column":62},"skip":true},{"start":{"line":296,"column":12},"end":{"line":301,"column":36},"skip":true}]},"24":{"line":302,"type":"binary-expr","locations":[{"start":{"line":302,"column":43},"end":{"line":302,"column":75},"skip":true},{"start":{"line":302,"column":79},"end":{"line":302,"column":81},"skip":true}]},"25":{"line":305,"type":"if","locations":[{"start":{"line":305,"column":8},"end":{"line":305,"column":8},"skip":true},{"start":{"line":305,"column":8},"end":{"line":305,"column":8},"skip":true}]},"26":{"line":309,"type":"if","locations":[{"start":{"line":309,"column":8},"end":{"line":309,"column":8},"skip":true},{"start":{"line":309,"column":8},"end":{"line":309,"column":8},"skip":true}]},"27":{"line":312,"type":"binary-expr","locations":[{"start":{"line":312,"column":27},"end":{"line":312,"column":43},"skip":true},{"start":{"line":312,"column":47},"end":{"line":312,"column":53},"skip":true}]},"28":{"line":316,"type":"if","locations":[{"start":{"line":316,"column":12},"end":{"line":316,"column":12},"skip":true},{"start":{"line":316,"column":12},"end":{"line":316,"column":12},"skip":true}]}},"code":["/*","example.js","","quickstart example","","instruction","    1. save this script as example.js","    2. run the shell command:","        $ npm install npmtest-hexo && PORT=8081 node example.js","    3. play with the browser-demo on http://127.0.0.1:8081","*/","","","","/* istanbul instrument in package npmtest_hexo */","/*jslint","    bitwise: true,","    browser: true,","    maxerr: 8,","    maxlen: 96,","    node: true,","    nomen: true,","    regexp: true,","    stupid: true","*/","(function () {","    'use strict';","    var local;","","","","    // run shared js-env code - pre-init","    (function () {","        // init local","        local = {};","        // init modeJs","        local.modeJs = (function () {","            try {","                return typeof navigator.userAgent === 'string' &&","                    typeof document.querySelector('body') === 'object' &&","                    typeof XMLHttpRequest.prototype.open === 'function' &&","                    'browser';","            } catch (errorCaughtBrowser) {","                return module.exports &&","                    typeof process.versions.node === 'string' &&","                    typeof require('http').createServer === 'function' &&","                    'node';","            }","        }());","        // init global","        local.global = local.modeJs === 'browser'","            ? window","            : global;","        // init utility2_rollup","        local = local.global.utility2_rollup || (local.modeJs === 'browser'","            ? local.global.utility2_npmtest_hexo","            : global.utility2_moduleExports);","        // export local","        local.global.local = local;","    }());","    switch (local.modeJs) {","","","","    // post-init","    // run browser js-env code - post-init","    /* istanbul ignore next */","    case 'browser':","        local.testRunBrowser = function (event) {","            if (!event || (event &&","                    event.currentTarget &&","                    event.currentTarget.className &&","                    event.currentTarget.className.includes &&","                    event.currentTarget.className.includes('onreset'))) {","                // reset output","                Array.from(","                    document.querySelectorAll('body > .resettable')","                ).forEach(function (element) {","                    switch (element.tagName) {","                    case 'INPUT':","                    case 'TEXTAREA':","                        element.value = '';","                        break;","                    default:","                        element.textContent = '';","                    }","                });","            }","            switch (event && event.currentTarget && event.currentTarget.id) {","            case 'testRunButton1':","                // show tests","                if (document.querySelector('#testReportDiv1').style.display === 'none') {","                    document.querySelector('#testReportDiv1').style.display = 'block';","                    document.querySelector('#testRunButton1').textContent =","                        'hide internal test';","                    local.modeTest = true;","                    local.testRunDefault(local);","                // hide tests","                } else {","                    document.querySelector('#testReportDiv1').style.display = 'none';","                    document.querySelector('#testRunButton1').textContent = 'run internal test';","                }","                break;","            // custom-case","            default:","                break;","            }","            if (document.querySelector('#inputTextareaEval1') && (!event || (event &&","                    event.currentTarget &&","                    event.currentTarget.className &&","                    event.currentTarget.className.includes &&","                    event.currentTarget.className.includes('oneval')))) {","                // try to eval input-code","                try {","                    /*jslint evil: true*/","                    eval(document.querySelector('#inputTextareaEval1').value);","                } catch (errorCaught) {","                    console.error(errorCaught.stack);","                }","            }","        };","        // log stderr and stdout to #outputTextareaStdout1","        ['error', 'log'].forEach(function (key) {","            console[key + '_original'] = console[key];","            console[key] = function () {","                var element;","                console[key + '_original'].apply(console, arguments);","                element = document.querySelector('#outputTextareaStdout1');","                if (!element) {","                    return;","                }","                // append text to #outputTextareaStdout1","                element.value += Array.from(arguments).map(function (arg) {","                    return typeof arg === 'string'","                        ? arg","                        : JSON.stringify(arg, null, 4);","                }).join(' ') + '\\n';","                // scroll textarea to bottom","                element.scrollTop = element.scrollHeight;","            };","        });","        // init event-handling","        ['change', 'click', 'keyup'].forEach(function (event) {","            Array.from(document.querySelectorAll('.on' + event)).forEach(function (element) {","                element.addEventListener(event, local.testRunBrowser);","            });","        });","        // run tests","        local.testRunBrowser();","        break;","","","","    // run node js-env code - post-init","    /* istanbul ignore next */","    case 'node':","        // export local","        module.exports = local;","        // require modules","        local.fs = require('fs');","        local.http = require('http');","        local.url = require('url');","        // init assets","        local.assetsDict = local.assetsDict || {};","        /* jslint-ignore-begin */","        local.assetsDict['/assets.index.template.html'] = '\\","<!doctype html>\\n\\","<html lang=\"en\">\\n\\","<head>\\n\\","<meta charset=\"UTF-8\">\\n\\","<meta name=\"viewport\" content=\"width=device-width, initial-scale=1\">\\n\\","<title>{{env.npm_package_name}} (v{{env.npm_package_version}})</title>\\n\\","<style>\\n\\","/*csslint\\n\\","    box-sizing: false,\\n\\","    universal-selector: false\\n\\","*/\\n\\","* {\\n\\","    box-sizing: border-box;\\n\\","}\\n\\","body {\\n\\","    background: #dde;\\n\\","    font-family: Arial, Helvetica, sans-serif;\\n\\","    margin: 2rem;\\n\\","}\\n\\","body > * {\\n\\","    margin-bottom: 1rem;\\n\\","}\\n\\",".utility2FooterDiv {\\n\\","    margin-top: 20px;\\n\\","    text-align: center;\\n\\","}\\n\\","</style>\\n\\","<style>\\n\\","/*csslint\\n\\","*/\\n\\","textarea {\\n\\","    font-family: monospace;\\n\\","    height: 10rem;\\n\\","    width: 100%;\\n\\","}\\n\\","textarea[readonly] {\\n\\","    background: #ddd;\\n\\","}\\n\\","</style>\\n\\","</head>\\n\\","<body>\\n\\","<!-- utility2-comment\\n\\","<div id=\"ajaxProgressDiv1\" style=\"background: #d00; height: 2px; left: 0; margin: 0; padding: 0; position: fixed; top: 0; transition: background 0.5s, width 1.5s; width: 25%;\"></div>\\n\\","utility2-comment -->\\n\\","<h1>\\n\\","<!-- utility2-comment\\n\\","    <a\\n\\","        {{#if env.npm_package_homepage}}\\n\\","        href=\"{{env.npm_package_homepage}}\"\\n\\","        {{/if env.npm_package_homepage}}\\n\\","        target=\"_blank\"\\n\\","    >\\n\\","utility2-comment -->\\n\\","        {{env.npm_package_name}} (v{{env.npm_package_version}})\\n\\","<!-- utility2-comment\\n\\","    </a>\\n\\","utility2-comment -->\\n\\","</h1>\\n\\","<h3>{{env.npm_package_description}}</h3>\\n\\","<!-- utility2-comment\\n\\","<h4><a download href=\"assets.app.js\">download standalone app</a></h4>\\n\\","<button class=\"onclick onreset\" id=\"testRunButton1\">run internal test</button><br>\\n\\","<div id=\"testReportDiv1\" style=\"display: none;\"></div>\\n\\","utility2-comment -->\\n\\","\\n\\","\\n\\","\\n\\","<label>stderr and stdout</label>\\n\\","<textarea class=\"resettable\" id=\"outputTextareaStdout1\" readonly></textarea>\\n\\","<!-- utility2-comment\\n\\","{{#if isRollup}}\\n\\","<script src=\"assets.app.js\"></script>\\n\\","{{#unless isRollup}}\\n\\","utility2-comment -->\\n\\","<script src=\"assets.utility2.rollup.js\"></script>\\n\\","<script src=\"jsonp.utility2._stateInit?callback=window.utility2._stateInit\"></script>\\n\\","<script src=\"assets.npmtest_hexo.rollup.js\"></script>\\n\\","<script src=\"assets.example.js\"></script>\\n\\","<script src=\"assets.test.js\"></script>\\n\\","<!-- utility2-comment\\n\\","{{/if isRollup}}\\n\\","utility2-comment -->\\n\\","<div class=\"utility2FooterDiv\">\\n\\","    [ this app was created with\\n\\","    <a href=\"https://github.com/kaizhu256/node-utility2\" target=\"_blank\">utility2</a>\\n\\","    ]\\n\\","</div>\\n\\","</body>\\n\\","</html>\\n\\","';","        /* jslint-ignore-end */","        if (local.templateRender) {","            local.assetsDict['/'] = local.templateRender(","                local.assetsDict['/assets.index.template.html'],","                {","                    env: local.objectSetDefault(local.env, {","                        npm_package_description: 'the greatest app in the world!',","                        npm_package_name: 'my-app',","                        npm_package_nameAlias: 'my_app',","                        npm_package_version: '0.0.1'","                    })","                }","            );","        } else {","            local.assetsDict['/'] = local.assetsDict['/assets.index.template.html']","                .replace((/\\{\\{env\\.(\\w+?)\\}\\}/g), function (match0, match1) {","                    // jslint-hack","                    String(match0);","                    switch (match1) {","                    case 'npm_package_description':","                        return 'the greatest app in the world!';","                    case 'npm_package_name':","                        return 'my-app';","                    case 'npm_package_nameAlias':","                        return 'my_app';","                    case 'npm_package_version':","                        return '0.0.1';","                    }","                });","        }","        // run the cli","        if (local.global.utility2_rollup || module !== require.main) {","            break;","        }","        local.assetsDict['/assets.example.js'] =","            local.assetsDict['/assets.example.js'] ||","            local.fs.readFileSync(__filename, 'utf8');","        local.assetsDict['/assets.npmtest_hexo.rollup.js'] =","            local.assetsDict['/assets.npmtest_hexo.rollup.js'] ||","            local.fs.readFileSync(","                // buildCustomOrg-hack","                local.npmtest_hexo.__dirname +","                    '/lib.npmtest_hexo.js',","                'utf8'","            ).replace((/^#!/), '//');","        local.assetsDict['/favicon.ico'] = local.assetsDict['/favicon.ico'] || '';","        // if $npm_config_timeout_exit exists,","        // then exit this process after $npm_config_timeout_exit ms","        if (Number(process.env.npm_config_timeout_exit)) {","            setTimeout(process.exit, Number(process.env.npm_config_timeout_exit));","        }","        // start server","        if (local.global.utility2_serverHttp1) {","            break;","        }","        process.env.PORT = process.env.PORT || '8081';","        console.error('server starting on port ' + process.env.PORT);","        local.http.createServer(function (request, response) {","            request.urlParsed = local.url.parse(request.url);","            if (local.assetsDict[request.urlParsed.pathname] !== undefined) {","                response.end(local.assetsDict[request.urlParsed.pathname]);","                return;","            }","            response.statusCode = 404;","            response.end();","        }).listen(process.env.PORT);","        break;","    }","}());",""],"l":{"26":2,"28":2,"33":2,"35":2,"37":2,"38":2,"39":2,"44":1,"51":2,"55":2,"59":2,"61":2,"69":1,"70":2,"76":2,"79":2,"82":2,"83":2,"85":1,"89":2,"92":1,"93":1,"94":1,"96":1,"97":1,"100":1,"101":1,"103":1,"106":1,"108":2,"114":1,"116":1,"118":1,"123":1,"124":2,"125":2,"126":2,"127":2,"128":2,"129":2,"130":1,"133":2,"134":2,"139":2,"143":1,"144":3,"145":1,"149":1,"150":1,"158":1,"160":1,"161":1,"162":1,"164":1,"166":1,"258":1,"259":1,"271":1,"274":6,"275":6,"277":1,"279":2,"281":1,"283":2,"288":1,"289":1,"291":1,"294":1,"302":1,"305":1,"306":1,"309":1,"310":1,"312":1,"313":1,"314":1,"315":1,"316":1,"317":1,"318":1,"320":1,"321":1,"323":1}},"/home/travis/build/npmtest/node-npmtest-hexo/hexo/lib/hexo/index.js":{"path":"/home/travis/build/npmtest/node-npmtest-hexo/hexo/lib/hexo/index.js","s":{"1":1,"2":1,"3":1,"4":1,"5":1,"6":1,"7":1,"8":1,"9":1,"10":1,"11":1,"12":1,"13":1,"14":1,"15":1,"16":1,"17":1,"18":1,"19":1,"20":1,"21":1,"22":1,"23":1,"24":1,"25":1,"26":1,"27":1,"28":0,"29":0,"30":0,"31":0,"32":0,"33":0,"34":0,"35":0,"36":0,"37":0,"38":0,"39":0,"40":0,"41":0,"42":0,"43":0,"44":0,"45":0,"46":0,"47":0,"48":0,"49":0,"50":0,"51":0,"52":0,"53":0,"54":0,"55":0,"56":0,"57":1,"58":1,"59":0,"60":0,"61":0,"62":0,"63":0,"64":0,"65":0,"66":0,"67":0,"68":0,"69":0,"70":0,"71":0,"72":0,"73":0,"74":0,"75":0,"76":0,"77":0,"78":0,"79":0,"80":0,"81":0,"82":0,"83":1,"84":0,"85":0,"86":0,"87":0,"88":0,"89":0,"90":0,"91":0,"92":0,"93":0,"94":0,"95":0,"96":0,"97":0,"98":1,"99":0,"100":0,"101":0,"102":0,"103":0,"104":0,"105":0,"106":0,"107":0,"108":1,"109":0,"110":1,"111":0,"112":0,"113":0,"114":0,"115":0,"116":1,"117":0,"118":0,"119":0,"120":0,"121":0,"122":0,"123":0,"124":0,"125":0,"126":1,"127":0,"128":0,"129":1,"130":0,"131":0,"132":0,"133":0,"134":0,"135":1,"136":0,"137":0,"138":0,"139":0,"140":0,"141":0,"142":0,"143":0,"144":0,"145":1,"146":0,"147":0,"148":0,"149":0,"150":0,"151":0,"152":1,"153":0,"154":0,"155":1,"156":0,"157":0,"158":0,"159":0,"160":0,"161":0,"162":0,"163":0,"164":0,"165":0,"166":0,"167":0,"168":0,"169":0,"170":0,"171":1,"172":0,"173":0,"174":0,"175":0,"176":0,"177":0,"178":0,"179":0,"180":0,"181":0,"182":0,"183":0,"184":0,"185":0,"186":0,"187":0,"188":0,"189":0,"190":0,"191":0,"192":0,"193":0,"194":0,"195":0,"196":0,"197":0,"198":0,"199":0,"200":0,"201":0,"202":0,"203":0,"204":0,"205":0,"206":0,"207":0,"208":1,"209":0,"210":0,"211":0,"212":0,"213":0,"214":0,"215":0,"216":0,"217":0,"218":0,"219":0,"220":0,"221":0,"222":0,"223":0,"224":0,"225":0,"226":0,"227":0,"228":0,"229":0,"230":0,"231":1,"232":0,"233":0,"234":0,"235":0,"236":0,"237":1,"238":0,"239":1,"240":0,"241":1,"242":1,"243":1,"244":1},"b":{"1":[0,0],"2":[0,0],"3":[0,0],"4":[0,0],"5":[0,0],"6":[0,0],"7":[0,0],"8":[0,0],"9":[0,0],"10":[0,0],"11":[0,0,0],"12":[0,0],"13":[0,0],"14":[0,0],"15":[0,0],"16":[0,0],"17":[0,0],"18":[0,0],"19":[0,0],"20":[0,0],"21":[0,0],"22":[0,0],"23":[0,0],"24":[0,0],"25":[0,0],"26":[0,0]},"f":{"1":0,"2":0,"3":0,"4":0,"5":0,"6":0,"7":0,"8":0,"9":0,"10":0,"11":0,"12":0,"13":0,"14":0,"15":0,"16":0,"17":0,"18":0,"19":0,"20":0,"21":0,"22":0,"23":0,"24":0,"25":0,"26":0,"27":0,"28":0,"29":0,"30":0,"31":0,"32":0,"33":0,"34":0,"35":0,"36":0,"37":0,"38":0,"39":0,"40":0,"41":0,"42":0,"43":0,"44":0,"45":0},"fnMap":{"1":{"name":"Hexo","line":31,"loc":{"start":{"line":31,"column":0},"end":{"line":31,"column":26}}},"2":{"name":"(anonymous_2)","line":103,"loc":{"start":{"line":103,"column":29},"end":{"line":103,"column":40}}},"3":{"name":"(anonymous_3)","line":108,"loc":{"start":{"line":108,"column":22},"end":{"line":108,"column":33}}},"4":{"name":"(anonymous_4)","line":122,"loc":{"start":{"line":122,"column":22},"end":{"line":122,"column":33}}},"5":{"name":"(anonymous_5)","line":132,"loc":{"start":{"line":132,"column":27},"end":{"line":132,"column":38}}},"6":{"name":"(anonymous_6)","line":136,"loc":{"start":{"line":136,"column":21},"end":{"line":136,"column":32}}},"7":{"name":"(anonymous_7)","line":140,"loc":{"start":{"line":140,"column":21},"end":{"line":140,"column":32}}},"8":{"name":"(anonymous_8)","line":143,"loc":{"start":{"line":143,"column":29},"end":{"line":143,"column":44}}},"9":{"name":"(anonymous_9)","line":151,"loc":{"start":{"line":151,"column":22},"end":{"line":151,"column":33}}},"10":{"name":"(anonymous_10)","line":171,"loc":{"start":{"line":171,"column":5},"end":{"line":171,"column":20}}},"11":{"name":"(anonymous_11)","line":173,"loc":{"start":{"line":173,"column":10},"end":{"line":173,"column":21}}},"12":{"name":"(anonymous_12)","line":175,"loc":{"start":{"line":175,"column":10},"end":{"line":175,"column":21}}},"13":{"name":"(anonymous_13)","line":181,"loc":{"start":{"line":181,"column":22},"end":{"line":181,"column":53}}},"14":{"name":"(anonymous_14)","line":189,"loc":{"start":{"line":189,"column":21},"end":{"line":189,"column":47}}},"15":{"name":"(anonymous_15)","line":200,"loc":{"start":{"line":200,"column":23},"end":{"line":200,"column":46}}},"16":{"name":"(anonymous_16)","line":204,"loc":{"start":{"line":204,"column":28},"end":{"line":204,"column":53}}},"17":{"name":"(anonymous_17)","line":207,"loc":{"start":{"line":207,"column":32},"end":{"line":207,"column":49}}},"18":{"name":"require","line":213,"loc":{"start":{"line":213,"column":4},"end":{"line":213,"column":27}}},"19":{"name":"(anonymous_19)","line":217,"loc":{"start":{"line":217,"column":22},"end":{"line":217,"column":40}}},"20":{"name":"(anonymous_20)","line":234,"loc":{"start":{"line":234,"column":29},"end":{"line":234,"column":40}}},"21":{"name":"(anonymous_21)","line":239,"loc":{"start":{"line":239,"column":22},"end":{"line":239,"column":41}}},"22":{"name":"(anonymous_22)","line":242,"loc":{"start":{"line":242,"column":33},"end":{"line":242,"column":44}}},"23":{"name":"(anonymous_23)","line":249,"loc":{"start":{"line":249,"column":10},"end":{"line":249,"column":21}}},"24":{"name":"(anonymous_24)","line":254,"loc":{"start":{"line":254,"column":23},"end":{"line":254,"column":42}}},"25":{"name":"(anonymous_25)","line":257,"loc":{"start":{"line":257,"column":30},"end":{"line":257,"column":41}}},"26":{"name":"(anonymous_26)","line":261,"loc":{"start":{"line":261,"column":33},"end":{"line":261,"column":44}}},"27":{"name":"(anonymous_27)","line":268,"loc":{"start":{"line":268,"column":10},"end":{"line":268,"column":21}}},"28":{"name":"(anonymous_28)","line":276,"loc":{"start":{"line":276,"column":25},"end":{"line":276,"column":36}}},"29":{"name":"stopWatcher","line":288,"loc":{"start":{"line":288,"column":0},"end":{"line":288,"column":26}}},"30":{"name":"(anonymous_30)","line":292,"loc":{"start":{"line":292,"column":27},"end":{"line":292,"column":45}}},"31":{"name":"Locals","line":311,"loc":{"start":{"line":311,"column":2},"end":{"line":311,"column":32}}},"32":{"name":"(anonymous_32)","line":329,"loc":{"start":{"line":329,"column":8},"end":{"line":329,"column":19}}},"33":{"name":"(anonymous_33)","line":335,"loc":{"start":{"line":335,"column":29},"end":{"line":335,"column":43}}},"34":{"name":"(anonymous_34)","line":338,"loc":{"start":{"line":338,"column":51},"end":{"line":338,"column":66}}},"35":{"name":"(anonymous_35)","line":342,"loc":{"start":{"line":342,"column":14},"end":{"line":342,"column":37}}},"36":{"name":"(anonymous_36)","line":347,"loc":{"start":{"line":347,"column":7},"end":{"line":347,"column":22}}},"37":{"name":"saveCache","line":370,"loc":{"start":{"line":370,"column":4},"end":{"line":370,"column":31}}},"38":{"name":"(anonymous_38)","line":376,"loc":{"start":{"line":376,"column":10},"end":{"line":376,"column":27}}},"39":{"name":"(anonymous_39)","line":377,"loc":{"start":{"line":377,"column":22},"end":{"line":377,"column":33}}},"40":{"name":"(anonymous_40)","line":395,"loc":{"start":{"line":395,"column":10},"end":{"line":395,"column":21}}},"41":{"name":"(anonymous_41)","line":410,"loc":{"start":{"line":410,"column":13},"end":{"line":410,"column":24}}},"42":{"name":"(anonymous_42)","line":415,"loc":{"start":{"line":415,"column":22},"end":{"line":415,"column":36}}},"43":{"name":"(anonymous_43)","line":426,"loc":{"start":{"line":426,"column":68},"end":{"line":426,"column":79}}},"44":{"name":"(anonymous_44)","line":431,"loc":{"start":{"line":431,"column":28},"end":{"line":431,"column":58}}},"45":{"name":"(anonymous_45)","line":435,"loc":{"start":{"line":435,"column":32},"end":{"line":435,"column":62}}}},"statementMap":{"1":{"start":{"line":3,"column":0},"end":{"line":3,"column":34}},"2":{"start":{"line":4,"column":0},"end":{"line":4,"column":29}},"3":{"start":{"line":5,"column":0},"end":{"line":5,"column":33}},"4":{"start":{"line":6,"column":0},"end":{"line":6,"column":36}},"5":{"start":{"line":7,"column":0},"end":{"line":7,"column":26}},"6":{"start":{"line":8,"column":0},"end":{"line":8,"column":29}},"7":{"start":{"line":9,"column":0},"end":{"line":9,"column":50}},"8":{"start":{"line":10,"column":0},"end":{"line":10,"column":28}},"9":{"start":{"line":11,"column":0},"end":{"line":11,"column":31}},"10":{"start":{"line":12,"column":0},"end":{"line":12,"column":23}},"11":{"start":{"line":13,"column":0},"end":{"line":13,"column":40}},"12":{"start":{"line":14,"column":0},"end":{"line":14,"column":33}},"13":{"start":{"line":15,"column":0},"end":{"line":15,"column":34}},"14":{"start":{"line":16,"column":0},"end":{"line":16,"column":33}},"15":{"start":{"line":17,"column":0},"end":{"line":17,"column":50}},"16":{"start":{"line":18,"column":0},"end":{"line":18,"column":29}},"17":{"start":{"line":19,"column":0},"end":{"line":19,"column":37}},"18":{"start":{"line":20,"column":0},"end":{"line":20,"column":33}},"19":{"start":{"line":21,"column":0},"end":{"line":21,"column":33}},"20":{"start":{"line":22,"column":0},"end":{"line":22,"column":32}},"21":{"start":{"line":23,"column":0},"end":{"line":23,"column":33}},"22":{"start":{"line":24,"column":0},"end":{"line":24,"column":48}},"23":{"start":{"line":25,"column":0},"end":{"line":25,"column":46}},"24":{"start":{"line":27,"column":0},"end":{"line":27,"column":39}},"25":{"start":{"line":28,"column":0},"end":{"line":28,"column":21}},"26":{"start":{"line":29,"column":0},"end":{"line":29,"column":18}},"27":{"start":{"line":31,"column":0},"end":{"line":99,"column":1}},"28":{"start":{"line":32,"column":2},"end":{"line":32,"column":31}},"29":{"start":{"line":33,"column":2},"end":{"line":33,"column":20}},"30":{"start":{"line":35,"column":2},"end":{"line":35,"column":26}},"31":{"start":{"line":37,"column":2},"end":{"line":37,"column":29}},"32":{"start":{"line":38,"column":2},"end":{"line":38,"column":54}},"33":{"start":{"line":39,"column":2},"end":{"line":39,"column":54}},"34":{"start":{"line":40,"column":2},"end":{"line":40,"column":60}},"35":{"start":{"line":41,"column":2},"end":{"line":41,"column":55}},"36":{"start":{"line":42,"column":2},"end":{"line":42,"column":59}},"37":{"start":{"line":43,"column":2},"end":{"line":43,"column":74}},"38":{"start":{"line":44,"column":2},"end":{"line":44,"column":71}},"39":{"start":{"line":46,"column":2},"end":{"line":54,"column":4}},"40":{"start":{"line":56,"column":2},"end":{"line":56,"column":61}},"41":{"start":{"line":57,"column":2},"end":{"line":58,"column":68}},"42":{"start":{"line":60,"column":2},"end":{"line":70,"column":4}},"43":{"start":{"line":72,"column":2},"end":{"line":72,"column":43}},"44":{"start":{"line":74,"column":2},"end":{"line":74,"column":30}},"45":{"start":{"line":76,"column":2},"end":{"line":76,"column":33}},"46":{"start":{"line":78,"column":2},"end":{"line":78,"column":28}},"47":{"start":{"line":80,"column":2},"end":{"line":80,"column":29}},"48":{"start":{"line":82,"column":2},"end":{"line":82,"column":37}},"49":{"start":{"line":84,"column":2},"end":{"line":84,"column":25}},"50":{"start":{"line":86,"column":2},"end":{"line":86,"column":29}},"51":{"start":{"line":88,"column":2},"end":{"line":91,"column":5}},"52":{"start":{"line":93,"column":2},"end":{"line":93,"column":23}},"53":{"start":{"line":95,"column":2},"end":{"line":95,"column":33}},"54":{"start":{"line":96,"column":2},"end":{"line":96,"column":31}},"55":{"start":{"line":97,"column":2},"end":{"line":97,"column":33}},"56":{"start":{"line":98,"column":2},"end":{"line":98,"column":21}},"57":{"start":{"line":101,"column":0},"end":{"line":101,"column":45}},"58":{"start":{"line":103,"column":0},"end":{"line":149,"column":2}},"59":{"start":{"line":104,"column":2},"end":{"line":104,"column":25}},"60":{"start":{"line":105,"column":2},"end":{"line":105,"column":27}},"61":{"start":{"line":106,"column":2},"end":{"line":106,"column":18}},"62":{"start":{"line":108,"column":2},"end":{"line":120,"column":5}},"63":{"start":{"line":109,"column":4},"end":{"line":109,"column":19}},"64":{"start":{"line":111,"column":4},"end":{"line":113,"column":5}},"65":{"start":{"line":112,"column":6},"end":{"line":112,"column":38}},"66":{"start":{"line":115,"column":4},"end":{"line":117,"column":5}},"67":{"start":{"line":116,"column":6},"end":{"line":116,"column":29}},"68":{"start":{"line":119,"column":4},"end":{"line":119,"column":40}},"69":{"start":{"line":122,"column":2},"end":{"line":130,"column":5}},"70":{"start":{"line":123,"column":4},"end":{"line":123,"column":19}},"71":{"start":{"line":125,"column":4},"end":{"line":127,"column":5}},"72":{"start":{"line":126,"column":6},"end":{"line":126,"column":38}},"73":{"start":{"line":129,"column":4},"end":{"line":129,"column":40}},"74":{"start":{"line":132,"column":2},"end":{"line":134,"column":5}},"75":{"start":{"line":133,"column":4},"end":{"line":133,"column":32}},"76":{"start":{"line":136,"column":2},"end":{"line":138,"column":5}},"77":{"start":{"line":137,"column":4},"end":{"line":137,"column":27}},"78":{"start":{"line":140,"column":2},"end":{"line":148,"column":5}},"79":{"start":{"line":141,"column":4},"end":{"line":141,"column":17}},"80":{"start":{"line":143,"column":4},"end":{"line":145,"column":7}},"81":{"start":{"line":144,"column":6},"end":{"line":144,"column":32}},"82":{"start":{"line":147,"column":4},"end":{"line":147,"column":15}},"83":{"start":{"line":151,"column":0},"end":{"line":179,"column":2}},"84":{"start":{"line":152,"column":2},"end":{"line":152,"column":18}},"85":{"start":{"line":154,"column":2},"end":{"line":154,"column":66}},"86":{"start":{"line":155,"column":2},"end":{"line":155,"column":81}},"87":{"start":{"line":158,"column":2},"end":{"line":158,"column":38}},"88":{"start":{"line":159,"column":2},"end":{"line":159,"column":37}},"89":{"start":{"line":160,"column":2},"end":{"line":160,"column":40}},"90":{"start":{"line":161,"column":2},"end":{"line":161,"column":37}},"91":{"start":{"line":162,"column":2},"end":{"line":162,"column":40}},"92":{"start":{"line":163,"column":2},"end":{"line":163,"column":39}},"93":{"start":{"line":164,"column":2},"end":{"line":164,"column":34}},"94":{"start":{"line":167,"column":2},"end":{"line":178,"column":5}},"95":{"start":{"line":172,"column":4},"end":{"line":172,"column":38}},"96":{"start":{"line":174,"column":4},"end":{"line":174,"column":64}},"97":{"start":{"line":177,"column":4},"end":{"line":177,"column":23}},"98":{"start":{"line":181,"column":0},"end":{"line":198,"column":2}},"99":{"start":{"line":182,"column":2},"end":{"line":185,"column":3}},"100":{"start":{"line":183,"column":4},"end":{"line":183,"column":20}},"101":{"start":{"line":184,"column":4},"end":{"line":184,"column":14}},"102":{"start":{"line":187,"column":2},"end":{"line":187,"column":18}},"103":{"start":{"line":189,"column":2},"end":{"line":197,"column":26}},"104":{"start":{"line":190,"column":4},"end":{"line":190,"column":42}},"105":{"start":{"line":192,"column":4},"end":{"line":196,"column":5}},"106":{"start":{"line":193,"column":6},"end":{"line":193,"column":47}},"107":{"start":{"line":195,"column":6},"end":{"line":195,"column":79}},"108":{"start":{"line":200,"column":0},"end":{"line":202,"column":2}},"109":{"start":{"line":201,"column":2},"end":{"line":201,"column":43}},"110":{"start":{"line":204,"column":0},"end":{"line":232,"column":2}},"111":{"start":{"line":205,"column":2},"end":{"line":205,"column":18}},"112":{"start":{"line":207,"column":2},"end":{"line":231,"column":26}},"113":{"start":{"line":209,"column":4},"end":{"line":209,"column":34}},"114":{"start":{"line":210,"column":4},"end":{"line":210,"column":27}},"115":{"start":{"line":211,"column":4},"end":{"line":211,"column":49}},"116":{"start":{"line":213,"column":4},"end":{"line":215,"column":5}},"117":{"start":{"line":214,"column":6},"end":{"line":214,"column":34}},"118":{"start":{"line":217,"column":4},"end":{"line":219,"column":6}},"119":{"start":{"line":218,"column":6},"end":{"line":218,"column":54}},"120":{"start":{"line":221,"column":4},"end":{"line":221,"column":38}},"121":{"start":{"line":222,"column":4},"end":{"line":222,"column":44}},"122":{"start":{"line":223,"column":4},"end":{"line":223,"column":34}},"123":{"start":{"line":225,"column":4},"end":{"line":226,"column":21}},"124":{"start":{"line":228,"column":4},"end":{"line":228,"column":47}},"125":{"start":{"line":230,"column":4},"end":{"line":230,"column":81}},"126":{"start":{"line":234,"column":0},"end":{"line":237,"column":2}},"127":{"start":{"line":235,"column":2},"end":{"line":235,"column":27}},"128":{"start":{"line":236,"column":2},"end":{"line":236,"column":64}},"129":{"start":{"line":239,"column":0},"end":{"line":252,"column":2}},"130":{"start":{"line":240,"column":2},"end":{"line":240,"column":18}},"131":{"start":{"line":242,"column":2},"end":{"line":251,"column":26}},"132":{"start":{"line":243,"column":4},"end":{"line":243,"column":38}},"133":{"start":{"line":245,"column":4},"end":{"line":248,"column":7}},"134":{"start":{"line":250,"column":4},"end":{"line":250,"column":41}},"135":{"start":{"line":254,"column":0},"end":{"line":274,"column":2}},"136":{"start":{"line":255,"column":2},"end":{"line":255,"column":18}},"137":{"start":{"line":257,"column":2},"end":{"line":259,"column":10}},"138":{"start":{"line":258,"column":4},"end":{"line":258,"column":42}},"139":{"start":{"line":261,"column":2},"end":{"line":273,"column":26}},"140":{"start":{"line":262,"column":4},"end":{"line":262,"column":38}},"141":{"start":{"line":264,"column":4},"end":{"line":267,"column":7}},"142":{"start":{"line":269,"column":4},"end":{"line":269,"column":51}},"143":{"start":{"line":270,"column":4},"end":{"line":270,"column":50}},"144":{"start":{"line":272,"column":4},"end":{"line":272,"column":42}},"145":{"start":{"line":276,"column":0},"end":{"line":286,"column":2}},"146":{"start":{"line":277,"column":2},"end":{"line":282,"column":3}},"147":{"start":{"line":278,"column":4},"end":{"line":278,"column":63}},"148":{"start":{"line":279,"column":4},"end":{"line":279,"column":62}},"149":{"start":{"line":281,"column":4},"end":{"line":281,"column":26}},"150":{"start":{"line":284,"column":2},"end":{"line":284,"column":27}},"151":{"start":{"line":285,"column":2},"end":{"line":285,"column":26}},"152":{"start":{"line":288,"column":0},"end":{"line":290,"column":1}},"153":{"start":{"line":289,"column":2},"end":{"line":289,"column":38}},"154":{"start":{"line":289,"column":24},"end":{"line":289,"column":38}},"155":{"start":{"line":292,"column":0},"end":{"line":413,"column":2}},"156":{"start":{"line":293,"column":2},"end":{"line":293,"column":33}},"157":{"start":{"line":293,"column":26},"end":{"line":293,"column":33}},"158":{"start":{"line":295,"column":2},"end":{"line":295,"column":26}},"159":{"start":{"line":296,"column":2},"end":{"line":296,"column":28}},"160":{"start":{"line":298,"column":2},"end":{"line":298,"column":27}},"161":{"start":{"line":299,"column":2},"end":{"line":299,"column":48}},"162":{"start":{"line":300,"column":2},"end":{"line":300,"column":25}},"163":{"start":{"line":301,"column":2},"end":{"line":301,"column":37}},"164":{"start":{"line":302,"column":2},"end":{"line":302,"column":18}},"165":{"start":{"line":303,"column":2},"end":{"line":303,"column":31}},"166":{"start":{"line":304,"column":2},"end":{"line":304,"column":21}},"167":{"start":{"line":305,"column":2},"end":{"line":305,"column":25}},"168":{"start":{"line":306,"column":2},"end":{"line":306,"column":24}},"169":{"start":{"line":307,"column":2},"end":{"line":307,"column":22}},"170":{"start":{"line":309,"column":2},"end":{"line":309,"column":30}},"171":{"start":{"line":311,"column":2},"end":{"line":317,"column":3}},"172":{"start":{"line":312,"column":4},"end":{"line":312,"column":57}},"173":{"start":{"line":313,"column":4},"end":{"line":313,"column":54}},"174":{"start":{"line":313,"column":32},"end":{"line":313,"column":54}},"175":{"start":{"line":315,"column":4},"end":{"line":315,"column":21}},"176":{"start":{"line":316,"column":4},"end":{"line":316,"column":39}},"177":{"start":{"line":319,"column":2},"end":{"line":319,"column":35}},"178":{"start":{"line":320,"column":2},"end":{"line":320,"column":83}},"179":{"start":{"line":321,"column":2},"end":{"line":321,"column":25}},"180":{"start":{"line":322,"column":2},"end":{"line":322,"column":37}},"181":{"start":{"line":323,"column":2},"end":{"line":323,"column":41}},"182":{"start":{"line":324,"column":2},"end":{"line":324,"column":34}},"183":{"start":{"line":325,"column":2},"end":{"line":325,"column":74}},"184":{"start":{"line":328,"column":2},"end":{"line":412,"column":5}},"185":{"start":{"line":330,"column":4},"end":{"line":330,"column":29}},"186":{"start":{"line":331,"column":4},"end":{"line":331,"column":40}},"187":{"start":{"line":332,"column":4},"end":{"line":332,"column":39}},"188":{"start":{"line":335,"column":4},"end":{"line":344,"column":11}},"189":{"start":{"line":336,"column":6},"end":{"line":336,"column":38}},"190":{"start":{"line":338,"column":6},"end":{"line":341,"column":9}},"191":{"start":{"line":339,"column":8},"end":{"line":339,"column":55}},"192":{"start":{"line":340,"column":8},"end":{"line":340,"column":20}},"193":{"start":{"line":343,"column":6},"end":{"line":343,"column":49}},"194":{"start":{"line":348,"column":4},"end":{"line":348,"column":62}},"195":{"start":{"line":348,"column":55},"end":{"line":348,"column":62}},"196":{"start":{"line":350,"column":4},"end":{"line":350,"column":39}},"197":{"start":{"line":351,"column":4},"end":{"line":351,"column":25}},"198":{"start":{"line":352,"column":4},"end":{"line":352,"column":29}},"199":{"start":{"line":354,"column":4},"end":{"line":354,"column":28}},"200":{"start":{"line":356,"column":4},"end":{"line":358,"column":5}},"201":{"start":{"line":357,"column":6},"end":{"line":357,"column":35}},"202":{"start":{"line":360,"column":4},"end":{"line":364,"column":5}},"203":{"start":{"line":361,"column":6},"end":{"line":361,"column":30}},"204":{"start":{"line":363,"column":6},"end":{"line":363,"column":24}},"205":{"start":{"line":366,"column":4},"end":{"line":366,"column":40}},"206":{"start":{"line":367,"column":4},"end":{"line":367,"column":37}},"207":{"start":{"line":368,"column":4},"end":{"line":368,"column":14}},"208":{"start":{"line":370,"column":4},"end":{"line":373,"column":5}},"209":{"start":{"line":371,"column":6},"end":{"line":371,"column":21}},"210":{"start":{"line":372,"column":6},"end":{"line":372,"column":20}},"211":{"start":{"line":375,"column":4},"end":{"line":394,"column":7}},"212":{"start":{"line":377,"column":6},"end":{"line":393,"column":9}},"213":{"start":{"line":378,"column":8},"end":{"line":378,"column":57}},"214":{"start":{"line":378,"column":44},"end":{"line":378,"column":57}},"215":{"start":{"line":380,"column":8},"end":{"line":380,"column":23}},"216":{"start":{"line":382,"column":8},"end":{"line":390,"column":9}},"217":{"start":{"line":383,"column":10},"end":{"line":383,"column":27}},"218":{"start":{"line":384,"column":10},"end":{"line":384,"column":37}},"219":{"start":{"line":386,"column":10},"end":{"line":389,"column":11}},"220":{"start":{"line":387,"column":12},"end":{"line":387,"column":69}},"221":{"start":{"line":388,"column":12},"end":{"line":388,"column":55}},"222":{"start":{"line":392,"column":8},"end":{"line":392,"column":55}},"223":{"start":{"line":397,"column":4},"end":{"line":397,"column":56}},"224":{"start":{"line":399,"column":4},"end":{"line":401,"column":5}},"225":{"start":{"line":400,"column":6},"end":{"line":400,"column":31}},"226":{"start":{"line":403,"column":4},"end":{"line":403,"column":25}},"227":{"start":{"line":404,"column":4},"end":{"line":404,"column":28}},"228":{"start":{"line":406,"column":4},"end":{"line":406,"column":31}},"229":{"start":{"line":409,"column":4},"end":{"line":409,"column":68}},"230":{"start":{"line":411,"column":4},"end":{"line":411,"column":31}},"231":{"start":{"line":415,"column":0},"end":{"line":429,"column":2}},"232":{"start":{"line":416,"column":2},"end":{"line":416,"column":18}},"233":{"start":{"line":418,"column":2},"end":{"line":424,"column":3}},"234":{"start":{"line":419,"column":4},"end":{"line":423,"column":6}},"235":{"start":{"line":426,"column":2},"end":{"line":428,"column":5}},"236":{"start":{"line":427,"column":4},"end":{"line":427,"column":27}},"237":{"start":{"line":431,"column":0},"end":{"line":433,"column":2}},"238":{"start":{"line":432,"column":2},"end":{"line":432,"column":54}},"239":{"start":{"line":435,"column":0},"end":{"line":437,"column":2}},"240":{"start":{"line":436,"column":2},"end":{"line":436,"column":58}},"241":{"start":{"line":439,"column":0},"end":{"line":439,"column":53}},"242":{"start":{"line":441,"column":0},"end":{"line":441,"column":71}},"243":{"start":{"line":443,"column":0},"end":{"line":443,"column":52}},"244":{"start":{"line":445,"column":0},"end":{"line":445,"column":22}}},"branchMap":{"1":{"line":32,"type":"binary-expr","locations":[{"start":{"line":32,"column":9},"end":{"line":32,"column":13}},{"start":{"line":32,"column":17},"end":{"line":32,"column":30}}]},"2":{"line":33,"type":"binary-expr","locations":[{"start":{"line":33,"column":9},"end":{"line":33,"column":13}},{"start":{"line":33,"column":17},"end":{"line":33,"column":19}}]},"3":{"line":51,"type":"binary-expr","locations":[{"start":{"line":51,"column":9},"end":{"line":51,"column":29}},{"start":{"line":51,"column":33},"end":{"line":51,"column":46}}]},"4":{"line":57,"type":"cond-expr","locations":[{"start":{"line":57,"column":35},"end":{"line":57,"column":69}},{"start":{"line":58,"column":35},"end":{"line":58,"column":67}}]},"5":{"line":111,"type":"if","locations":[{"start":{"line":111,"column":4},"end":{"line":111,"column":4}},{"start":{"line":111,"column":4},"end":{"line":111,"column":4}}]},"6":{"line":115,"type":"if","locations":[{"start":{"line":115,"column":4},"end":{"line":115,"column":4}},{"start":{"line":115,"column":4},"end":{"line":115,"column":4}}]},"7":{"line":125,"type":"if","locations":[{"start":{"line":125,"column":4},"end":{"line":125,"column":4}},{"start":{"line":125,"column":4},"end":{"line":125,"column":4}}]},"8":{"line":182,"type":"if","locations":[{"start":{"line":182,"column":2},"end":{"line":182,"column":2}},{"start":{"line":182,"column":2},"end":{"line":182,"column":2}}]},"9":{"line":182,"type":"binary-expr","locations":[{"start":{"line":182,"column":6},"end":{"line":182,"column":15}},{"start":{"line":182,"column":19},"end":{"line":182,"column":45}}]},"10":{"line":192,"type":"if","locations":[{"start":{"line":192,"column":4},"end":{"line":192,"column":4}},{"start":{"line":192,"column":4},"end":{"line":192,"column":4}}]},"11":{"line":236,"type":"binary-expr","locations":[{"start":{"line":236,"column":9},"end":{"line":236,"column":19}},{"start":{"line":236,"column":23},"end":{"line":236,"column":34}},{"start":{"line":236,"column":38},"end":{"line":236,"column":63}}]},"12":{"line":277,"type":"if","locations":[{"start":{"line":277,"column":2},"end":{"line":277,"column":2}},{"start":{"line":277,"column":2},"end":{"line":277,"column":2}}]},"13":{"line":289,"type":"if","locations":[{"start":{"line":289,"column":2},"end":{"line":289,"column":2}},{"start":{"line":289,"column":2},"end":{"line":289,"column":2}}]},"14":{"line":293,"type":"if","locations":[{"start":{"line":293,"column":2},"end":{"line":293,"column":2}},{"start":{"line":293,"column":2},"end":{"line":293,"column":2}}]},"15":{"line":295,"type":"binary-expr","locations":[{"start":{"line":295,"column":12},"end":{"line":295,"column":19}},{"start":{"line":295,"column":23},"end":{"line":295,"column":25}}]},"16":{"line":312,"type":"cond-expr","locations":[{"start":{"line":312,"column":45},"end":{"line":312,"column":51}},{"start":{"line":312,"column":54},"end":{"line":312,"column":56}}]},"17":{"line":313,"type":"if","locations":[{"start":{"line":313,"column":4},"end":{"line":313,"column":4}},{"start":{"line":313,"column":4},"end":{"line":313,"column":4}}]},"18":{"line":343,"type":"cond-expr","locations":[{"start":{"line":343,"column":20},"end":{"line":343,"column":39}},{"start":{"line":343,"column":42},"end":{"line":343,"column":48}}]},"19":{"line":348,"type":"if","locations":[{"start":{"line":348,"column":4},"end":{"line":348,"column":4}},{"start":{"line":348,"column":4},"end":{"line":348,"column":4}}]},"20":{"line":348,"type":"binary-expr","locations":[{"start":{"line":348,"column":8},"end":{"line":348,"column":32}},{"start":{"line":348,"column":36},"end":{"line":348,"column":53}}]},"21":{"line":356,"type":"if","locations":[{"start":{"line":356,"column":4},"end":{"line":356,"column":4}},{"start":{"line":356,"column":4},"end":{"line":356,"column":4}}]},"22":{"line":360,"type":"if","locations":[{"start":{"line":360,"column":4},"end":{"line":360,"column":4}},{"start":{"line":360,"column":4},"end":{"line":360,"column":4}}]},"23":{"line":378,"type":"if","locations":[{"start":{"line":378,"column":8},"end":{"line":378,"column":8}},{"start":{"line":378,"column":8},"end":{"line":378,"column":8}}]},"24":{"line":378,"type":"binary-expr","locations":[{"start":{"line":378,"column":12},"end":{"line":378,"column":25}},{"start":{"line":378,"column":29},"end":{"line":378,"column":42}}]},"25":{"line":386,"type":"if","locations":[{"start":{"line":386,"column":10},"end":{"line":386,"column":10}},{"start":{"line":386,"column":10},"end":{"line":386,"column":10}}]},"26":{"line":418,"type":"if","locations":[{"start":{"line":418,"column":2},"end":{"line":418,"column":2}},{"start":{"line":418,"column":2},"end":{"line":418,"column":2}}]}},"code":["'use strict';","","var Promise = require('bluebird');","var pathFn = require('path');","var tildify = require('tildify');","var Database = require('warehouse');","var _ = require('lodash');","var chalk = require('chalk');","var EventEmitter = require('events').EventEmitter;","var fs = require('hexo-fs');","var Module = require('module');","var vm = require('vm');","var pkg = require('../../package.json');","var logger = require('hexo-log');","var extend = require('../extend');","var Render = require('./render');","var registerModels = require('./register_models');","var Post = require('./post');","var Scaffold = require('./scaffold');","var Source = require('./source');","var Router = require('./router');","var Theme = require('../theme');","var Locals = require('./locals');","var defaultConfig = require('./default_config');","var loadDatabase = require('./load_database');","","var libDir = pathFn.dirname(__dirname);","var sep = pathFn.sep;","var dbVersion = 1;","","function Hexo(base, args) {","  base = base || process.cwd();","  args = args || {};","","  EventEmitter.call(this);","","  this.base_dir = base + sep;","  this.public_dir = pathFn.join(base, 'public') + sep;","  this.source_dir = pathFn.join(base, 'source') + sep;","  this.plugin_dir = pathFn.join(base, 'node_modules') + sep;","  this.script_dir = pathFn.join(base, 'scripts') + sep;","  this.scaffold_dir = pathFn.join(base, 'scaffolds') + sep;","  this.theme_dir = pathFn.join(base, 'themes', defaultConfig.theme) + sep;","  this.theme_script_dir = pathFn.join(this.theme_dir, 'scripts') + sep;","","  this.env = {","    args: args,","    debug: Boolean(args.debug),","    safe: Boolean(args.safe),","    silent: Boolean(args.silent),","    env: process.env.NODE_ENV || 'development',","    version: pkg.version,","    init: false","  };","","  var multiConfigPath = require('./multi_config_path')(this);","  this.config_path = args.config ? multiConfigPath(base, args.config)","                                 : pathFn.join(base, '_config.yml');","","  this.extend = {","    console: new extend.Console(),","    deployer: new extend.Deployer(),","    filter: new extend.Filter(),","    generator: new extend.Generator(),","    helper: new extend.Helper(),","    migrator: new extend.Migrator(),","    processor: new extend.Processor(),","    renderer: new extend.Renderer(),","    tag: new extend.Tag()","  };","","  this.config = _.cloneDeep(defaultConfig);","","  this.log = logger(this.env);","","  this.render = new Render(this);","","  this.route = new Router();","","  this.post = new Post(this);","","  this.scaffold = new Scaffold(this);","","  this._dbLoaded = false;","","  this._isGenerating = false;
[...]
11,"column":57}}]},"2":{"line":17,"type":"if","locations":[{"start":{"line":17,"column":2},"end":{"line":17,"column":2}},{"start":{"line":17,"column":2},"end":{"line":17,"column":2}}]},"3":{"line":17,"type":"binary-expr","locations":[{"start":{"line":17,"column":6},"end":{"line":17,"column":15}},{"start":{"line":17,"column":19},"end":{"line":17,"column":48}}]},"4":{"line":22,"type":"binary-expr","locations":[{"start":{"line":22,"column":12},"end":{"line":22,"column":19}},{"start":{"line":22,"column":23},"end":{"line":22,"column":25}}]},"5":{"line":25,"type":"cond-expr","locations":[{"start":{"line":25,"column":47},"end":{"line":25,"column":58}},{"start":{"line":25,"column":61},"end":{"line":25,"column":75}}]},"6":{"line":30,"type":"if","locations":[{"start":{"line":30,"column":4},"end":{"line":30,"column":4}},{"start":{"line":30,"column":4},"end":{"line":30,"column":4}}]},"7":{"line":30,"type":"binary-expr","locations":[{"start":{"line":30,"column":8},"end":{"line":30,"column":22}},{"start":{"line":30,"column":26},"end":{"line":30,"column":33}}]},"8":{"line":33,"type":"if","locations":[{"start":{"line":33,"column":4},"end":{"line":33,"column":4}},{"start":{"line":33,"column":4},"end":{"line":33,"column":4}}]},"9":{"line":45,"type":"binary-expr","locations":[{"start":{"line":45,"column":12},"end":{"line":45,"column":19}},{"start":{"line":45,"column":23},"end":{"line":45,"column":25}}]},"10":{"line":48,"type":"cond-expr","locations":[{"start":{"line":48,"column":47},"end":{"line":48,"column":58}},{"start":{"line":48,"column":61},"end":{"line":48,"column":75}}]},"11":{"line":52,"type":"if","locations":[{"start":{"line":52,"column":2},"end":{"line":52,"column":2}},{"start":{"line":52,"column":2},"end":{"line":52,"column":2}}]},"12":{"line":52,"type":"binary-expr","locations":[{"start":{"line":52,"column":6},"end":{"line":52,"column":20}},{"start":{"line":52,"column":24},"end":{"line":52,"column":31}}]},"13":{"line":55,"type":"if","locations":[{"start":{"line":55,"column":2},"end":{"line":55,"column":2}},{"start":{"line":55,"column":2},"end":{"line":55,"column":2}}]},"14":{"line":89,"type":"if","locations":[{"start":{"line":89,"column":2},"end":{"line":89,"column":2}},{"start":{"line":89,"column":2},"end":{"line":89,"column":2}}]},"15":{"line":89,"type":"binary-expr","locations":[{"start":{"line":89,"column":6},"end":{"line":89,"column":16}},{"start":{"line":89,"column":20},"end":{"line":89,"column":53}}]},"16":{"line":93,"type":"if","locations":[{"start":{"line":93,"column":2},"end":{"line":93,"column":2}},{"start":{"line":93,"column":2},"end":{"line":93,"column":2}}]},"17":{"line":93,"type":"binary-expr","locations":[{"start":{"line":93,"column":6},"end":{"line":93,"column":16}},{"start":{"line":93,"column":20},"end":{"line":93,"column":53}}]},"18":{"line":107,"type":"binary-expr","locations":[{"start":{"line":107,"column":17},"end":{"line":107,"column":38}},{"start":{"line":107,"column":42},"end":{"line":107,"column":45}}]},"19":{"line":118,"type":"if","locations":[{"start":{"line":118,"column":2},"end":{"line":118,"column":2}},{"start":{"line":118,"column":2},"end":{"line":118,"column":2}}]},"20":{"line":118,"type":"binary-expr","locations":[{"start":{"line":118,"column":6},"end":{"line":118,"column":14}},{"start":{"line":118,"column":18},"end":{"line":118,"column":56}}]}},"code":["'use strict';","","var pathFn = require('path');","var _ = require('lodash');","var yfm = require('hexo-front-matter');","var Promise = require('bluebird');","","function View(path, data) {","  this.path = path;","  this.source = pathFn.join(this._theme.base, 'layout', path);","  this.data = typeof data === 'string' ? yfm(data) : data;","","  this._precompile();","}","","View.prototype.render = function(options, callback) {","  if (!callback && typeof options === 'function') {","    callback = options;","    options = {};","  }","","  options = options || {};","","  var data = this.data;","  var layout = data.hasOwnProperty('layout') ? data.layout : options.layout;","  var locals = this._buildLocals(options);","  var self = this;","","  return this._compiled(this._bindHelpers(locals)).then(function(result) {","    if (result == null || !layout) return result;","","    var layoutView = self._resolveLayout(layout);","    if (!layoutView) return result;","","    var layoutLocals = _.assign({}, locals, {","      body: result,","      layout: false","    });","","    return layoutView.render(layoutLocals, callback);","  }).asCallback(callback);","};","","View.prototype.renderSync = function(options) {","  options = options || {};","","  var data = this.data;","  var layout = data.hasOwnProperty('layout') ? data.layout : options.layout;","  var locals = this._buildLocals(options);","  var result = this._compiledSync(this._bindHelpers(locals));","","  if (result == null || !layout) return result;","","  var layoutView = this._resolveLayout(layout);","  if (!layoutView) return result;","","  var layoutLocals = _.assign({}, locals, {","    body: result,","    layout: false","  });","","  return layoutView.renderSync(layoutLocals);","};","","View.prototype._buildLocals = function(locals) {","  return _.assignIn({}, locals, _.omit(this.data, ['layout', '_content']), {","    filename: this.source","  });","};","","View.prototype._bindHelpers = function(locals) {","  var helpers = this._helper.list();","  var keys = Object.keys(helpers);","  var key = '';","","  for (var i = 0, len = keys.length; i < len; i++) {","    key = keys[i];","    locals[key] = _.bind(helpers[key], locals);","  }","","  return locals;","};","","View.prototype._resolveLayout = function(name) {","  // Relative path","  var layoutPath = pathFn.join(pathFn.dirname(this.path), name);","  var layoutView = this._theme.getView(layoutPath);","","  if (layoutView && layoutView.source !== this.source) return layoutView;","","  // Absolute path","  layoutView = this._theme.getView(name);","  if (layoutView && layoutView.source !== this.source) return layoutView;","};","","View.prototype._precompile = function() {","  var render = this._render;","  var ctx = render.context;","  var ext = pathFn.extname(this.path);","  var renderer = render.getRenderer(ext);","  var data = {","    path: this.source,","    text: this.data._content","  };","","  function buildFilterArguments(result) {","    var output = render.getOutput(ext) || ext;","    return [","      'after_render:' + output,","      result,","      {","        context: ctx,","        args: [data]","      }","    ];","  }","","  if (renderer && typeof renderer.compile === 'function') {","    var compiled = renderer.compile(data);","","    this._compiledSync = function(locals) {","      var result = compiled(locals);","      return ctx.execFilterSync.apply(ctx, buildFilterArguments(result));","    };","","    this._compiled = function(locals) {","      return Promise.resolve(compiled(locals))","        .then(function(result) {","          return ctx.execFilter.apply(ctx, buildFilterArguments(result));","        });","    };","  } else {","    this._compiledSync = function(locals) {","      return render.renderSync(data, locals);","    };","","    this._compiled = function(locals) {","      return render.render(data, locals);","    };","  }","};","","module.exports = View;",""],"l":{"3":1,"4":1,"5":1,"6":1,"8":1,"9":0,"10":0,"11":0,"13":0,"16":1,"17":0,"18":0,"19":0,"22":0,"24":0,"25":0,"26":0,"27":0,"29":0,"30":0,"32":0,"33":0,"35":0,"40":0,"44":1,"45":0,"47":0,"48":0,"49":0,"50":0,"52":0,"54":0,"55":0,"57":0,"62":0,"65":1,"66":0,"71":1,"72":0,"73":0,"74":0,"76":0,"77":0,"78":0,"81":0,"84":1,"86":0,"87":0,"89":0,"92":0,"93":0,"96":1,"97":0,"98":0,"99":0,"100":0,"101":0,"106":1,"107":0,"108":0,"118":0,"119":0,"121":0,"122":0,"123":0,"126":0,"127":0,"129":0,"133":0,"134":0,"137":0,"138":0,"143":1}},"/home/travis/build/npmtest/node-npmtest-hexo/hexo/lib/hexo/locals.js":{"path":"/home/travis/build/npmtest/node-npmtest-hexo/hexo/lib/hexo/locals.js","s":{"1":1,"2":0,"3":0,"4":1,"5":0,"6":0,"7":0,"8":0,"9":0,"10":0,"11":0,"12":0,"13":0,"14":1,"15":0,"16":0,"17":0,"18":0,"19":0,"20":0,"21":0,"22":0,"23":0,"24":0,"25":0,"26":0,"27":1,"28":0,"29":0,"30":0,"31":0,"32":0,"33":1,"34":0,"35":0,"36":1,"37":0,"38":0,"39":0,"40":0,"41":0,"42":0,"43":0,"44":0,"45":0,"46":0,"47":1},"b":{"1":[0,0],"2":[0,0],"3":[0,0],"4":[0,0],"5":[0,0],"6":[0,0],"7":[0,0],"8":[0,0]},"f":{"1":0,"2":0,"3":0,"4":0,"5":0,"6":0,"7":0},"fnMap":{"1":{"name":"Locals","line":3,"loc":{"start":{"line":3,"column":0},"end":{"line":3,"column":18}}},"2":{"name":"(anonymous_2)","line":8,"loc":{"start":{"line":8,"column":23},"end":{"line":8,"column":38}}},"3":{"name":"(anonymous_3)","line":23,"loc":{"start":{"line":23,"column":23},"end":{"line":23,"column":45}}},"4":{"name":"(anonymous_4)","line":32,"loc":{"start":{"line":32,"column":13},"end":{"line":32,"column":24}}},"5":{"name":"(anonymous_5)","line":43,"loc":{"start":{"line":43,"column":26},"end":{"line":43,"column":41}}},"6":{"name":"(anonymous_6)","line":52,"loc":{"start":{"line":52,"column":30},"end":{"line":52,"column":41}}},"7":{"name":"(anonymous_7)","line":58,"loc":{"start":{"line":58,"column":28},"end":{"line":58,"column":39}}}},"statementMap":{"1":{"start":{"line":3,"column":0},"end":{"line":6,"column":1}},"2":{"start":{"line":4,"column":2},"end":{"line":4,"column":18}},"3":{"start":{"line":5,"column":2},"end":{"line":5,"column":20}},"4":{"start":{"line":8,"column":0},"end":{"line":21,"column":2}},"5":{"start":{"line":9,"column":2},"end":{"line":9,"column":78}},"6":{"start":{"line":9,"column":32},"end":{"line":9,"column":78}},"7":{"start":{"line":11,"column":2},"end":{"line":11,"column":31}},"8":{"start":{"line":13,"column":2},"end":{"line":18,"column":3}},"9":{"start":{"line":14,"column":4},"end":{"line":14,"column":36}},"10":{"start":{"line":15,"column":4},"end":{"line":15,"column":24}},"11":{"start":{"line":15,"column":17},"end":{"line":15,"column":24}},"12":{"start":{"line":17,"column":4},"end":{"line":17,"column":40}},"13":{"start":{"line":20,"column":2},"end":{"line":20,"column":15}},"14":{"start":{"line":23,"column":0},"end":{"line":41,"column":2}},"15":{"start":{"line":24,"column":2},"end":{"line":24,"column":78}},"16":{"start":{"line":24,"column":32},"end":{"line":24,"column":78}},"17":{"start":{"line":25,"column":2},"end":{"line":25,"column":63}},"18":{"start":{"line":25,"column":21},"end":{"line":25,"column":63}},"19":{"start":{"line":27,"column":2},"end":{"line":27,"column":13}},"20":{"start":{"line":29,"column":2},"end":{"line":35,"column":3}},"21":{"start":{"line":30,"column":4},"end":{"line":30,"column":19}},"22":{"start":{"line":32,"column":4},"end":{"line":34,"column":6}},"23":{"start":{"line":33,"column":6},"end":{"line":33,"column":19}},"24":{"start":{"line":37,"column":2},"end":{"line":37,"column":30}},"25":{"start":{"line":38,"column":2},"end":{"line":38,"column":26}},"26":{"start":{"line":40,"column":2},"end":{"line":40,"column":14}},"27":{"start":{"line":43,"column":0},"end":{"line":50,"column":2}},"28":{"start":{"line":44,"column":2},"end":{"line":44,"column":78}},"29":{"start":{"line":44,"column":32},"end":{"line":44,"column":78}},"30":{"start":{"line":46,"column":2},"end":{"line":46,"column":28}},"31":{"start":{"line":47,"column":2},"end":{"line":47,"column":26}},"32":{"start":{"line":49,"column":2},"end":{"line":49,"column":14}},"33":{"start":{"line":52,"column":0},"end":{"line":56,"column":2}},"34":{"start":{"line":53,"column":2},"end":{"line":53,"column":18}},"35":{"start":{"line":55,"column":2},"end":{"line":55,"column":14}},"36":{"start":{"line":58,"column":0},"end":{"line":72,"column":2}},"37":{"start":{"line":59,"column":2},"end":{"line":59,"column":18}},"38":{"start":{"line":60,"column":2},"end":{"line":60,"column":39}},"39":{"start":{"line":61,"column":2},"end":{"line":61,"column":15}},"40":{"start":{"line":62,"column":2},"end":{"line":62,"column":11}},"41":{"start":{"line":64,"column":2},"end":{"line":69,"column":3}},"42":{"start":{"line":65,"column":4},"end":{"line":65,"column":18}},"43":{"start":{"line":66,"column":4},"end":{"line":66,"column":25}},"44":{"start":{"line":68,"column":4},"end":{"line":68,"column":41}},"45":{"start":{"line":68,"column":22},"end":{"line":68,"column":41}},"46":{"start":{"line":71,"column":2},"end":{"line":71,"column":16}},"47":{"start":{"line":74,"column":0},"end":{"line":74,"column":24}}},"branchMap":{"1":{"line":9,"type":"if","locations":[{"start":{"line":9,"column":2},"end":{"line":9,"column":2}},{"start":{"line":9,"column":2},"end":{"line":9,"column":2}}]},"2":{"line":13,"type":"if","locations":[{"start":{"line":13,"column":2},"end":{"line":13,"column":2}},{"start":{"line":13,"column":2},"end":{"line":13,"column":2}}]},"3":{"line":15,"type":"if","locations":[{"start":{"line":15,"column":4},"end":{"line":15,"column":4}},{"start":{"line":15,"column":4},"end":{"line":15,"column":4}}]},"4":{"line":24,"type":"if","locations":[{"start":{"line":24,"column":2},"end":{"line":24,"column":2}},{"start":{"line":24,"column":2},"end":{"line":24,"column":2}}]},"5":{"line":25,"type":"if","locations":[{"start":{"line":25,"column":2},"end":{"line":25,"column":2}},{"start":{"line":25,"column":2},"end":{"line":25,"column":2}}]},"6":{"line":29,"type":"if","locations":[{"start":{"line":29,"column":2},"end":{"line":29,"column":2}},{"start":{"line":29,"column":2},"end":{"line":29,"column":2}}]},"7":{"line":44,"type":"if","locations":[{"start":{"line":44,"column":2},"end":{"line":44,"column":2}},{"start":{"line":44,"column":2},"end":{"line":44,"column":2}}]},"8":{"line":68,"type":"if","locations":[{"start":{"line":68,"column":4},"end":{"line":68,"column":4}},{"start":{"line":68,"column":4},"end":{"line":68,"column":4}}]}},"code":["'use strict';","","function Locals() {","  this.cache = {};","  this.getters = {};","}","","Locals.prototype.get = function(name) {","  if (typeof name !== 'string') throw new TypeError('name must be a string!');","","  var cache = this.cache[name];","","  if (cache == null) {","    var getter = this.getters[name];","    if (!getter) return;","","    cache = this.cache[name] = getter();","  }","","  return cache;","};","","Locals.prototype.set = function(name, value) {","  if (typeof name !== 'string') throw new TypeError('name must be a string!');","  if (value == null) throw new TypeError('value is required!');","","  var getter;","","  if (typeof value === 'function') {","    getter = value;","  } else {","    getter = function() {","      return value;","    };","  }","","  this.getters[name] = getter;","  this.cache[name] = null;","","  return this;","};","","Locals.prototype.remove = function(name) {","  if (typeof name !== 'string') throw new TypeError('name must be a string!');","","  this.getters[name] = null;","  this.cache[name] = null;","","  return this;","};","","Locals.prototype.invalidate = function() {","  this.cache = {};","","  return this;","};","","Locals.prototype.toObject = function() {","  var result = {};","  var keys = Object.keys(this.getters);","  var key = '';","  var item;","","  for (var i = 0, len = keys.length; i < len; i++) {","    key = keys[i];","    item = this.get(key);","","    if (item != null) result[key] = item;","  }","","  return result;","};","","module.exports = Locals;",""],"l":{"3":1,"4":0,"5":0,"8":1,"9":0,"11":0,"13":0,"14":0,"15":0,"17":0,"20":0,"23":1,"24":0,"25":0,"27":0,"29":0,"30":0,"32":0,"33":0,"37":0,"38":0,"40":0,"43":1,"44":0,"46":0,"47":0,"49":0,"52":1,"53":0,"55":0,"58":1,"59":0,"60":0,"61":0,"62":0,"64":0,"65":0,"66":0,"68":0,"71":0,"74":1}},"/home/travis/build/npmtest/node-npmtest-hexo/hexo/lib/hexo/default_config.js":{"path":"/home/travis/build/npmtest/node-npmtest-hexo/hexo/lib/hexo/default_config.js","s":{"1":1},"b":{},"f":{},"fnMap":{},"statementMap":{"1":{"start":{"line":3,"column":0},"end":{"line":55,"column":2}}},"branchMap":{},"code":["'use strict';","","module.exports = {","  // Site","  title: 'Hexo',","  subtitle: '',","  description: '',","  author: 'John Doe',","  language: '',","  timezone: '',","  // URL","  url: 'http://yoursite.com',","  root: '/',","  permalink: ':year/:month/:day/:title/',","  permalink_defaults: {},","  // Directory","  source_dir: 'source',","  public_dir: 'public',","  tag_dir: 'tags',","  archive_dir: 'archives',","  category_dir: 'categories',","  code_dir: 'downloads/code',","  i18n_dir: ':lang',","  skip_render: [],","  // Writing","  new_post_name: ':title.md',","  default_layout: 'post',","  titlecase: false,","  external_link: true,","  filename_case: 0,","  render_drafts: false,","  post_asset_folder: false,","  relative_link: false,","  future: true,","  highlight: {","    enable: true,","    auto_detect: false,","    line_number: true,","    tab_replace: ''","  },","  // Category & Tag","  default_category: 'uncategorized',","  category_map: {},","  tag_map: {},","  // Date / Time format","  date_format: 'YYYY-MM-DD',","  time_format: 'HH:mm:ss',","  // Pagination","  per_page: 10,","  pagination_dir: 'page',","  // Extensions","  theme: 'landscape',","  // Deployment","  deploy: {}","};",""],"l":{"3":1}},"/home/travis/build/npmtest/node-npmtest-hexo/hexo/lib/hexo/load_database.js":{"path":"/home/travis/build/npmtest/node-npmtest-hexo/hexo/lib/hexo/load_database.js","s":{"1":1,"2":1,"3":1,"4":0,"5":0,"6":0,"7":0,"8":0,"9":0,"10":0,"11":0,"12":0,"13":0,"14":0,"15":0,"16":0},"b":{"1":[0,0],"2":[0,0]},"f":{"1":0,"2":0,"3":0,"4":0},"fnMap":{"1":{"name":"(anonymous_1)","line":6,"loc":{"start":{"line":6,"column":17},"end":{"line":6,"column":31}}},"2":{"name":"(anonymous_2)","line":13,"loc":{"start":{"line":13,"column":30},"end":{"line":13,"column":46}}},"3":{"name":"(anonymous_3)","line":18,"loc":{"start":{"line":18,"column":10},"end":{"line":18,"column":21}}},"4":{"name":"(anonymous_4)","line":20,"loc":{"start":{"line":20,"column":11},"end":{"line":20,"column":22}}}},"statementMap":{"1":{"start":{"line":3,"column":0},"end":{"line":3,"column":28}},"2":{"start":{"line":4,"column":0},"end":{"line":4,"column":34}},"3":{"start":{"line":6,"column":0},"end":{"line":24,"column":2}},"4":{"start":{"line":7,"column":2},"end":{"line":7,"column":46}},"5":{"start":{"line":7,"column":21},"end":{"line":7,"column":46}},"6":{"start":{"line":9,"column":2},"end":{"line":9,"column":24}},"7":{"start":{"line":10,"column":2},"end":{"line":10,"column":29}},"8":{"start":{"line":11,"column":2},"end":{"line":11,"column":20}},"9":{"start":{"line":13,"column":2},"end":{"line":23,"column":5}},"10":{"start":{"line":14,"column":4},"end":{"line":14,"column":23}},"11":{"start":{"line":14,"column":16},"end":{"line":14,"column":23}},"12":{"start":{"line":16,"column":4},"end":{"line":16,"column":35}},"13":{"start":{"line":17,"column":4},"end":{"line":17,"column":21}},"14":{"start":{"line":19,"column":4},"end":{"line":19,"column":25}},"15":{"start":{"line":21,"column":4},"end":{"line":21,"column":58}},"16":{"start":{"line":22,"column":4},"end":{"line":22,"column":27}}},"branchMap":{"1":{"line":7,"type":"if","locations":[{"start":{"line":7,"column":2},"end":{"line":7,"column":2}},{"start":{"line":7,"column":2},"end":{"line":7,"column":2}}]},"2":{"line":14,"type":"if","locations":[{"start":{"line":14,"column":4},"end":{"line":14,"column":4}},{"start":{"line":14,"column":4},"end":{"line":14,"column":4}}]}},"code":["'use strict';","","var fs = require('hexo-fs');","var Promise = require('bluebird');","","module.exports = function(ctx) {","  if (ctx._dbLoaded) return Promise.resolve();","","  var db = ctx.database;","  var path = db.options.path;","  var log = ctx.log;","","  return fs.exists(path).then(function(exist) {","    if (!exist) return;","","    log.debug('Loading database.');","    return db.load();","  }).then(function() {","    ctx._dbLoaded = true;","  }).catch(function() {","    log.error('Database load failed. Deleting database.');","    return fs.unlink(path);","  });","};",""],"l":{"3":1,"4":1,"6":1,"7":0,"9":0,"10":0,"11":0,"13":0,"14":0,"16":0,"17":0,"19":0,"21":0,"22":0}}}